{"/home/travis/build/npmtest/node-npmtest-penthouse/test.js":{"path":"/home/travis/build/npmtest/node-npmtest-penthouse/test.js","s":{"1":2,"2":2,"3":2,"4":2,"5":2,"6":2,"7":2,"8":1,"9":2,"10":2,"11":1,"12":1,"13":1,"14":1,"15":2,"16":2,"17":2,"18":2,"19":1,"20":1,"21":2,"22":2,"23":2,"24":1,"25":1,"26":1,"27":1,"28":1,"29":1,"30":1,"31":1,"32":1,"33":1,"34":1,"35":1,"36":1,"37":1,"38":1,"39":2,"40":2,"41":1,"42":2,"43":2,"44":1,"45":2,"46":2,"47":1,"48":2,"49":2,"50":1,"51":1,"52":1,"53":1,"54":1},"b":{"1":[2,1,1,1],"2":[1,1,1,1],"3":[1,1],"4":[1,1],"5":[1,1],"6":[1,1],"7":[1,1],"8":[1,1],"9":[1,1],"10":[1,1,1],"11":[1,1],"12":[1,1],"13":[1,1],"14":[1,1],"15":[1,1],"16":[1,1],"17":[1,1]},"f":{"1":2,"2":2,"3":2,"4":2,"5":2,"6":1,"7":1,"8":1,"9":2,"10":2,"11":2,"12":2,"13":1},"fnMap":{"1":{"name":"(anonymous_1)","line":12,"loc":{"start":{"line":12,"column":1},"end":{"line":12,"column":13}}},"2":{"name":"(anonymous_2)","line":19,"loc":{"start":{"line":19,"column":5},"end":{"line":19,"column":17}}},"3":{"name":"(anonymous_3)","line":23,"loc":{"start":{"line":23,"column":24},"end":{"line":23,"column":36}}},"4":{"name":"(anonymous_4)","line":61,"loc":{"start":{"line":61,"column":5},"end":{"line":61,"column":17}}},"5":{"name":"(anonymous_5)","line":82,"loc":{"start":{"line":82,"column":5},"end":{"line":82,"column":17}}},"6":{"name":"(anonymous_6)","line":91,"loc":{"start":{"line":91,"column":77},"end":{"line":94,"column":10}}},"7":{"name":"(anonymous_7)","line":112,"loc":{"start":{"line":112,"column":83},"end":{"line":115,"column":10}},"skip":true},"8":{"name":"(anonymous_8)","line":123,"loc":{"start":{"line":123,"column":77},"end":{"line":126,"column":10}},"skip":true},"9":{"name":"(anonymous_9)","line":139,"loc":{"start":{"line":139,"column":12},"end":{"line":139,"column":40}},"skip":true},"10":{"name":"(anonymous_10)","line":147,"loc":{"start":{"line":147,"column":77},"end":{"line":150,"column":10}},"skip":true},"11":{"name":"(anonymous_11)","line":158,"loc":{"start":{"line":158,"column":83},"end":{"line":161,"column":10}},"skip":true},"12":{"name":"(anonymous_12)","line":169,"loc":{"start":{"line":169,"column":79},"end":{"line":172,"column":10}},"skip":true},"13":{"name":"(anonymous_13)","line":180,"loc":{"start":{"line":180,"column":75},"end":{"line":183,"column":10}},"skip":true}},"statementMap":{"1":{"start":{"line":12,"column":0},"end":{"line":195,"column":5}},"2":{"start":{"line":14,"column":4},"end":{"line":14,"column":14}},"3":{"start":{"line":19,"column":4},"end":{"line":56,"column":9}},"4":{"start":{"line":21,"column":8},"end":{"line":21,"column":19}},"5":{"start":{"line":23,"column":8},"end":{"line":35,"column":13}},"6":{"start":{"line":24,"column":12},"end":{"line":34,"column":13}},"7":{"start":{"line":25,"column":16},"end":{"line":28,"column":30}},"8":{"start":{"line":30,"column":16},"end":{"line":33,"column":27}},"9":{"start":{"line":37,"column":8},"end":{"line":39,"column":21}},"10":{"start":{"line":40,"column":8},"end":{"line":53,"column":9}},"11":{"start":{"line":43,"column":12},"end":{"line":46,"column":14}},"12":{"start":{"line":47,"column":12},"end":{"line":47,"column":18}},"13":{"start":{"line":50,"column":12},"end":{"line":51,"column":33}},"14":{"start":{"line":52,"column":12},"end":{"line":52,"column":18}},"15":{"start":{"line":55,"column":8},"end":{"line":55,"column":35}},"16":{"start":{"line":61,"column":4},"end":{"line":63,"column":9}},"17":{"start":{"line":62,"column":8},"end":{"line":62,"column":15}},"18":{"start":{"line":64,"column":4},"end":{"line":77,"column":5}},"19":{"start":{"line":70,"column":8},"end":{"line":70,"column":14}},"20":{"start":{"line":76,"column":8},"end":{"line":76,"column":14}},"21":{"start":{"line":82,"column":4},"end":{"line":84,"column":9}},"22":{"start":{"line":83,"column":8},"end":{"line":83,"column":15}},"23":{"start":{"line":85,"column":4},"end":{"line":194,"column":5}},"24":{"start":{"line":91,"column":8},"end":{"line":99,"column":10}},"25":{"start":{"line":98,"column":12},"end":{"line":98,"column":35}},"26":{"start":{"line":102,"column":8},"end":{"line":104,"column":63}},"27":{"start":{"line":105,"column":8},"end":{"line":105,"column":14}},"28":{"start":{"line":112,"column":8},"end":{"line":121,"column":10},"skip":true},"29":{"start":{"line":119,"column":12},"end":{"line":119,"column":55},"skip":true},"30":{"start":{"line":120,"column":12},"end":{"line":120,"column":48},"skip":true},"31":{"start":{"line":123,"column":8},"end":{"line":136,"column":10},"skip":true},"32":{"start":{"line":130,"column":12},"end":{"line":130,"column":76},"skip":true},"33":{"start":{"line":131,"column":12},"end":{"line":131,"column":73},"skip":true},"34":{"start":{"line":132,"column":12},"end":{"line":132,"column":74},"skip":true},"35":{"start":{"line":133,"column":12},"end":{"line":133,"column":79},"skip":true},"36":{"start":{"line":134,"column":12},"end":{"line":134,"column":25},"skip":true},"37":{"start":{"line":135,"column":12},"end":{"line":135,"column":45},"skip":true},"38":{"start":{"line":138,"column":8},"end":{"line":145,"column":14},"skip":true},"39":{"start":{"line":143,"column":16},"end":{"line":143,"column":29},"skip":true},"40":{"start":{"line":144,"column":16},"end":{"line":144,"column":55},"skip":true},"41":{"start":{"line":147,"column":8},"end":{"line":156,"column":10},"skip":true},"42":{"start":{"line":154,"column":12},"end":{"line":154,"column":25},"skip":true},"43":{"start":{"line":155,"column":12},"end":{"line":155,"column":45},"skip":true},"44":{"start":{"line":158,"column":8},"end":{"line":167,"column":10},"skip":true},"45":{"start":{"line":165,"column":12},"end":{"line":165,"column":25},"skip":true},"46":{"start":{"line":166,"column":12},"end":{"line":166,"column":48},"skip":true},"47":{"start":{"line":169,"column":8},"end":{"line":178,"column":10},"skip":true},"48":{"start":{"line":176,"column":12},"end":{"line":176,"column":25},"skip":true},"49":{"start":{"line":177,"column":12},"end":{"line":177,"column":46},"skip":true},"50":{"start":{"line":180,"column":8},"end":{"line":189,"column":10},"skip":true},"51":{"start":{"line":187,"column":12},"end":{"line":187,"column":94},"skip":true},"52":{"start":{"line":188,"column":12},"end":{"line":188,"column":48},"skip":true},"53":{"start":{"line":192,"column":8},"end":{"line":192,"column":35},"skip":true},"54":{"start":{"line":193,"column":8},"end":{"line":193,"column":14},"skip":true}},"branchMap":{"1":{"line":25,"type":"binary-expr","locations":[{"start":{"line":25,"column":23},"end":{"line":25,"column":62}},{"start":{"line":26,"column":20},"end":{"line":26,"column":70}},{"start":{"line":27,"column":20},"end":{"line":27,"column":71}},{"start":{"line":28,"column":20},"end":{"line":28,"column":29}}]},"2":{"line":30,"type":"binary-expr","locations":[{"start":{"line":30,"column":23},"end":{"line":30,"column":37}},{"start":{"line":31,"column":20},"end":{"line":31,"column":61}},{"start":{"line":32,"column":20},"end":{"line":32,"column":70}},{"start":{"line":33,"column":20},"end":{"line":33,"column":26}}]},"3":{"line":37,"type":"cond-expr","locations":[{"start":{"line":38,"column":14},"end":{"line":38,"column":20}},{"start":{"line":39,"column":14},"end":{"line":39,"column":20}}]},"4":{"line":40,"type":"switch","locations":[{"start":{"line":42,"column":8},"end":{"line":47,"column":18}},{"start":{"line":49,"column":8},"end":{"line":52,"column":18}}]},"5":{"line":44,"type":"binary-expr","locations":[{"start":{"line":44,"column":16},"end":{"line":44,"column":44}},{"start":{"line":44,"column":48},"end":{"line":44,"column":66}}]},"6":{"line":50,"type":"binary-expr","locations":[{"start":{"line":50,"column":21},"end":{"line":50,"column":49}},{"start":{"line":50,"column":53},"end":{"line":50,"column":72}}]},"7":{"line":64,"type":"switch","locations":[{"start":{"line":69,"column":4},"end":{"line":70,"column":14}},{"start":{"line":75,"column":4},"end":{"line":76,"column":14}}]},"8":{"line":85,"type":"switch","locations":[{"start":{"line":90,"column":4},"end":{"line":105,"column":14}},{"start":{"line":111,"column":4},"end":{"line":193,"column":14},"skip":true}]},"9":{"line":91,"type":"binary-expr","locations":[{"start":{"line":91,"column":42},"end":{"line":91,"column":73}},{"start":{"line":91,"column":77},"end":{"line":99,"column":9}}]},"10":{"line":102,"type":"binary-expr","locations":[{"start":{"line":102,"column":18},"end":{"line":102,"column":32}},{"start":{"line":103,"column":12},"end":{"line":103,"column":53}},{"start":{"line":104,"column":12},"end":{"line":104,"column":61}}]},"11":{"line":112,"type":"binary-expr","locations":[{"start":{"line":112,"column":45},"end":{"line":112,"column":79},"skip":true},{"start":{"line":112,"column":83},"end":{"line":121,"column":9},"skip":true}]},"12":{"line":123,"type":"binary-expr","locations":[{"start":{"line":123,"column":42},"end":{"line":123,"column":73},"skip":true},{"start":{"line":123,"column":77},"end":{"line":136,"column":9},"skip":true}]},"13":{"line":138,"type":"binary-expr","locations":[{"start":{"line":138,"column":48},"end":{"line":138,"column":85},"skip":true},{"start":{"line":139,"column":12},"end":{"line":145,"column":13},"skip":true}]},"14":{"line":147,"type":"binary-expr","locations":[{"start":{"line":147,"column":42},"end":{"line":147,"column":73},"skip":true},{"start":{"line":147,"column":77},"end":{"line":156,"column":9},"skip":true}]},"15":{"line":158,"type":"binary-expr","locations":[{"start":{"line":158,"column":45},"end":{"line":158,"column":79},"skip":true},{"start":{"line":158,"column":83},"end":{"line":167,"column":9},"skip":true}]},"16":{"line":169,"type":"binary-expr","locations":[{"start":{"line":169,"column":43},"end":{"line":169,"column":75},"skip":true},{"start":{"line":169,"column":79},"end":{"line":178,"column":9},"skip":true}]},"17":{"line":180,"type":"binary-expr","locations":[{"start":{"line":180,"column":41},"end":{"line":180,"column":71},"skip":true},{"start":{"line":180,"column":75},"end":{"line":189,"column":9},"skip":true}]}},"code":["/* istanbul instrument in package npmtest_penthouse */","/*jslint","    bitwise: true,","    browser: true,","    maxerr: 8,","    maxlen: 96,","    node: true,","    nomen: true,","    regexp: true,","    stupid: true","*/","(function () {","    'use strict';","    var local;","","","","    // run shared js-env code - pre-init","    (function () {","        // init local","        local = {};","        // init modeJs","        local.modeJs = (function () {","            try {","                return typeof navigator.userAgent === 'string' &&","                    typeof document.querySelector('body') === 'object' &&","                    typeof XMLHttpRequest.prototype.open === 'function' &&","                    'browser';","            } catch (errorCaughtBrowser) {","                return module.exports &&","                    typeof process.versions.node === 'string' &&","                    typeof require('http').createServer === 'function' &&","                    'node';","            }","        }());","        // init global","        local.global = local.modeJs === 'browser'","            ? window","            : global;","        switch (local.modeJs) {","        // re-init local from window.local","        case 'browser':","            local = local.global.utility2.objectSetDefault(","                local.global.utility2_rollup || local.global.local,","                local.global.utility2","            );","            break;","        // re-init local from example.js","        case 'node':","            local = (local.global.utility2_rollup || require('utility2'))","                .requireReadme();","            break;","        }","        // export local","        local.global.local = local;","    }());","","","","    // run shared js-env code - function","    (function () {","        return;","    }());","    switch (local.modeJs) {","","","","    // run browser js-env code - function","    case 'browser':","        break;","","","","    // run node js-env code - function","    case 'node':","        break;","    }","","","","    // run shared js-env code - post-init","    (function () {","        return;","    }());","    switch (local.modeJs) {","","","","    // run browser js-env code - post-init","    case 'browser':","        local.testCase_browser_nullCase = local.testCase_browser_nullCase || function (","            options,","            onError","        ) {","        /*","         * this function will test browsers's null-case handling-behavior-behavior","         */","            onError(null, options);","        };","","        // run tests","        local.nop(local.modeTest &&","            document.querySelector('#testRunButton1') &&","            document.querySelector('#testRunButton1').click());","        break;","","","","    // run node js-env code - post-init","    /* istanbul ignore next */","    case 'node':","        local.testCase_buildApidoc_default = local.testCase_buildApidoc_default || function (","            options,","            onError","        ) {","        /*","         * this function will test buildApidoc's default handling-behavior-behavior","         */","            options = { modulePathList: module.paths };","            local.buildApidoc(options, onError);","        };","","        local.testCase_buildApp_default = local.testCase_buildApp_default || function (","            options,","            onError","        ) {","        /*","         * this function will test buildApp's default handling-behavior-behavior","         */","            local.testCase_buildReadme_default(options, local.onErrorThrow);","            local.testCase_buildLib_default(options, local.onErrorThrow);","            local.testCase_buildTest_default(options, local.onErrorThrow);","            local.testCase_buildCustomOrg_default(options, local.onErrorThrow);","            options = [];","            local.buildApp(options, onError);","        };","","        local.testCase_buildCustomOrg_default = local.testCase_buildCustomOrg_default ||","            function (options, onError) {","            /*","             * this function will test buildCustomOrg's default handling-behavior","             */","                options = {};","                local.buildCustomOrg(options, onError);","            };","","        local.testCase_buildLib_default = local.testCase_buildLib_default || function (","            options,","            onError","        ) {","        /*","         * this function will test buildLib's default handling-behavior","         */","            options = {};","            local.buildLib(options, onError);","        };","","        local.testCase_buildReadme_default = local.testCase_buildReadme_default || function (","            options,","            onError","        ) {","        /*","         * this function will test buildReadme's default handling-behavior-behavior","         */","            options = {};","            local.buildReadme(options, onError);","        };","","        local.testCase_buildTest_default = local.testCase_buildTest_default || function (","            options,","            onError","        ) {","        /*","         * this function will test buildTest's default handling-behavior","         */","            options = {};","            local.buildTest(options, onError);","        };","","        local.testCase_webpage_default = local.testCase_webpage_default || function (","            options,","            onError","        ) {","        /*","         * this function will test webpage's default handling-behavior","         */","            options = { modeCoverageMerge: true, url: local.serverLocalHost + '?modeTest=1' };","            local.browserTest(options, onError);","        };","","        // run test-server","        local.testRunServer(local);","        break;","    }","}());",""],"l":{"12":2,"14":2,"19":2,"21":2,"23":2,"24":2,"25":2,"30":1,"37":2,"40":2,"43":1,"47":1,"50":1,"52":1,"55":2,"61":2,"62":2,"64":2,"70":1,"76":1,"82":2,"83":2,"85":2,"91":1,"98":1,"102":1,"105":1,"112":1,"119":1,"120":1,"123":1,"130":1,"131":1,"132":1,"133":1,"134":1,"135":1,"138":1,"143":2,"144":2,"147":1,"154":2,"155":2,"158":1,"165":2,"166":2,"169":1,"176":2,"177":2,"180":1,"187":1,"188":1,"192":1,"193":1}},"/home/travis/build/npmtest/node-npmtest-penthouse/lib.npmtest_penthouse.js":{"path":"/home/travis/build/npmtest/node-npmtest-penthouse/lib.npmtest_penthouse.js","s":{"1":2,"2":2,"3":2,"4":2,"5":2,"6":2,"7":2,"8":1,"9":2,"10":2,"11":2,"12":2,"13":1,"14":1,"15":1,"16":1},"b":{"1":[2,1,1,1],"2":[1,1,1,1],"3":[1,1],"4":[2,2],"5":[1,1]},"f":{"1":2,"2":2,"3":2},"fnMap":{"1":{"name":"(anonymous_1)","line":12,"loc":{"start":{"line":12,"column":1},"end":{"line":12,"column":13}}},"2":{"name":"(anonymous_2)","line":19,"loc":{"start":{"line":19,"column":5},"end":{"line":19,"column":17}}},"3":{"name":"(anonymous_3)","line":23,"loc":{"start":{"line":23,"column":24},"end":{"line":23,"column":36}}}},"statementMap":{"1":{"start":{"line":12,"column":0},"end":{"line":53,"column":5}},"2":{"start":{"line":14,"column":4},"end":{"line":14,"column":14}},"3":{"start":{"line":19,"column":4},"end":{"line":52,"column":9}},"4":{"start":{"line":21,"column":8},"end":{"line":21,"column":19}},"5":{"start":{"line":23,"column":8},"end":{"line":35,"column":13}},"6":{"start":{"line":24,"column":12},"end":{"line":34,"column":13}},"7":{"start":{"line":25,"column":16},"end":{"line":28,"column":30}},"8":{"start":{"line":30,"column":16},"end":{"line":33,"column":27}},"9":{"start":{"line":37,"column":8},"end":{"line":39,"column":21}},"10":{"start":{"line":41,"column":8},"end":{"line":41,"column":54}},"11":{"start":{"line":43,"column":8},"end":{"line":43,"column":54}},"12":{"start":{"line":45,"column":8},"end":{"line":51,"column":9}},"13":{"start":{"line":46,"column":12},"end":{"line":46,"column":60}},"14":{"start":{"line":48,"column":12},"end":{"line":48,"column":35}},"15":{"start":{"line":49,"column":12},"end":{"line":49,"column":49}},"16":{"start":{"line":50,"column":12},"end":{"line":50,"column":43}}},"branchMap":{"1":{"line":25,"type":"binary-expr","locations":[{"start":{"line":25,"column":23},"end":{"line":25,"column":62}},{"start":{"line":26,"column":20},"end":{"line":26,"column":70}},{"start":{"line":27,"column":20},"end":{"line":27,"column":71}},{"start":{"line":28,"column":20},"end":{"line":28,"column":29}}]},"2":{"line":30,"type":"binary-expr","locations":[{"start":{"line":30,"column":23},"end":{"line":30,"column":37}},{"start":{"line":31,"column":20},"end":{"line":31,"column":61}},{"start":{"line":32,"column":20},"end":{"line":32,"column":70}},{"start":{"line":33,"column":20},"end":{"line":33,"column":26}}]},"3":{"line":37,"type":"cond-expr","locations":[{"start":{"line":38,"column":14},"end":{"line":38,"column":20}},{"start":{"line":39,"column":14},"end":{"line":39,"column":20}}]},"4":{"line":41,"type":"binary-expr","locations":[{"start":{"line":41,"column":16},"end":{"line":41,"column":44}},{"start":{"line":41,"column":48},"end":{"line":41,"column":53}}]},"5":{"line":45,"type":"if","locations":[{"start":{"line":45,"column":8},"end":{"line":45,"column":8}},{"start":{"line":45,"column":8},"end":{"line":45,"column":8}}]}},"code":["/* istanbul instrument in package npmtest_penthouse */","/*jslint","    bitwise: true,","    browser: true,","    maxerr: 8,","    maxlen: 96,","    node: true,","    nomen: true,","    regexp: true,","    stupid: true","*/","(function () {","    'use strict';","    var local;","","","","    // run shared js-env code - pre-init","    (function () {","        // init local","        local = {};","        // init modeJs","        local.modeJs = (function () {","            try {","                return typeof navigator.userAgent === 'string' &&","                    typeof document.querySelector('body') === 'object' &&","                    typeof XMLHttpRequest.prototype.open === 'function' &&","                    'browser';","            } catch (errorCaughtBrowser) {","                return module.exports &&","                    typeof process.versions.node === 'string' &&","                    typeof require('http').createServer === 'function' &&","                    'node';","            }","        }());","        // init global","        local.global = local.modeJs === 'browser'","            ? window","            : global;","        // init utility2_rollup","        local = local.global.utility2_rollup || local;","        // init lib","        local.local = local.npmtest_penthouse = local;","        // init exports","        if (local.modeJs === 'browser') {","            local.global.utility2_npmtest_penthouse = local;","        } else {","            module.exports = local;","            module.exports.__dirname = __dirname;","            module.exports.module = module;","        }","    }());","}());",""],"l":{"12":2,"14":2,"19":2,"21":2,"23":2,"24":2,"25":2,"30":1,"37":2,"41":2,"43":2,"45":2,"46":1,"48":1,"49":1,"50":1}},"/home/travis/build/npmtest/node-npmtest-penthouse/example.js":{"path":"/home/travis/build/npmtest/node-npmtest-penthouse/example.js","s":{"1":2,"2":2,"3":2,"4":2,"5":2,"6":2,"7":2,"8":1,"9":2,"10":2,"11":2,"12":2,"13":1,"14":2,"15":2,"16":2,"17":2,"18":2,"19":0,"20":2,"21":1,"22":1,"23":1,"24":1,"25":1,"26":0,"27":0,"28":1,"29":1,"30":2,"31":0,"32":0,"33":0,"34":1,"35":2,"36":2,"37":3,"38":3,"39":3,"40":3,"41":0,"42":3,"43":3,"44":3,"45":1,"46":3,"47":1,"48":1,"49":1,"50":1,"51":1,"52":1,"53":1,"54":1,"55":1,"56":1,"57":0,"58":1,"59":6,"60":6,"61":1,"62":2,"63":0,"64":2,"65":1,"66":1,"67":0,"68":0,"69":0,"70":0,"71":0,"72":0,"73":0,"74":0,"75":0,"76":0,"77":0,"78":0,"79":0,"80":0,"81":0,"82":0,"83":0},"b":{"1":[2,1,1,1],"2":[1,1,1,1],"3":[1,1],"4":[2,2],"5":[1,1],"6":[1,1],"7":[2,0],"8":[2,1,1,1,1,1],"9":[0,2,0],"10":[1,1],"11":[2,1,1],"12":[1,0],"13":[0,2],"14":[2,0,0,0,0,0,0],"15":[0,3],"16":[3,0],"17":[1,1],"18":[0,1],"19":[1,2,0,2],"20":[1,0],"21":[1,1],"22":[0,0],"23":[0,0],"24":[0,0],"25":[0,0],"26":[0,0],"27":[0,0],"28":[0,0]},"f":{"1":2,"2":2,"3":2,"4":2,"5":2,"6":2,"7":3,"8":3,"9":3,"10":1,"11":6,"12":0},"fnMap":{"1":{"name":"(anonymous_1)","line":26,"loc":{"start":{"line":26,"column":1},"end":{"line":26,"column":13}}},"2":{"name":"(anonymous_2)","line":33,"loc":{"start":{"line":33,"column":5},"end":{"line":33,"column":17}}},"3":{"name":"(anonymous_3)","line":37,"loc":{"start":{"line":37,"column":24},"end":{"line":37,"column":36}}},"4":{"name":"(anonymous_4)","line":69,"loc":{"start":{"line":69,"column":31},"end":{"line":69,"column":48}},"skip":true},"5":{"name":"(anonymous_5)","line":78,"loc":{"start":{"line":78,"column":26},"end":{"line":78,"column":45}},"skip":true},"6":{"name":"(anonymous_6)","line":123,"loc":{"start":{"line":123,"column":33},"end":{"line":123,"column":48}},"skip":true},"7":{"name":"(anonymous_7)","line":125,"loc":{"start":{"line":125,"column":27},"end":{"line":125,"column":39}},"skip":true},"8":{"name":"(anonymous_8)","line":133,"loc":{"start":{"line":133,"column":59},"end":{"line":133,"column":74}},"skip":true},"9":{"name":"(anonymous_9)","line":143,"loc":{"start":{"line":143,"column":45},"end":{"line":143,"column":62}},"skip":true},"10":{"name":"(anonymous_10)","line":144,"loc":{"start":{"line":144,"column":73},"end":{"line":144,"column":92}},"skip":true},"11":{"name":"(anonymous_11)","line":272,"loc":{"start":{"line":272,"column":51},"end":{"line":272,"column":77}},"skip":true},"12":{"name":"(anonymous_12)","line":315,"loc":{"start":{"line":315,"column":32},"end":{"line":315,"column":61}},"skip":true}},"statementMap":{"1":{"start":{"line":26,"column":0},"end":{"line":326,"column":5}},"2":{"start":{"line":28,"column":4},"end":{"line":28,"column":14}},"3":{"start":{"line":33,"column":4},"end":{"line":60,"column":9}},"4":{"start":{"line":35,"column":8},"end":{"line":35,"column":19}},"5":{"start":{"line":37,"column":8},"end":{"line":49,"column":13}},"6":{"start":{"line":38,"column":12},"end":{"line":48,"column":13}},"7":{"start":{"line":39,"column":16},"end":{"line":42,"column":30}},"8":{"start":{"line":44,"column":16},"end":{"line":47,"column":27}},"9":{"start":{"line":51,"column":8},"end":{"line":53,"column":21}},"10":{"start":{"line":55,"column":8},"end":{"line":57,"column":45}},"11":{"start":{"line":59,"column":8},"end":{"line":59,"column":35}},"12":{"start":{"line":61,"column":4},"end":{"line":325,"column":5}},"13":{"start":{"line":69,"column":8},"end":{"line":121,"column":10},"skip":true},"14":{"start":{"line":70,"column":12},"end":{"line":88,"column":13},"skip":true},"15":{"start":{"line":76,"column":16},"end":{"line":87,"column":19},"skip":true},"16":{"start":{"line":79,"column":20},"end":{"line":86,"column":21},"skip":true},"17":{"start":{"line":82,"column":24},"end":{"line":82,"column":43},"skip":true},"18":{"start":{"line":83,"column":24},"end":{"line":83,"column":30},"skip":true},"19":{"start":{"line":85,"column":24},"end":{"line":85,"column":49},"skip":true},"20":{"start":{"line":89,"column":12},"end":{"line":107,"column":13},"skip":true},"21":{"start":{"line":92,"column":16},"end":{"line":102,"column":17},"skip":true},"22":{"start":{"line":93,"column":20},"end":{"line":93,"column":86},"skip":true},"23":{"start":{"line":94,"column":20},"end":{"line":95,"column":45},"skip":true},"24":{"start":{"line":96,"column":20},"end":{"line":96,"column":42},"skip":true},"25":{"start":{"line":97,"column":20},"end":{"line":97,"column":48},"skip":true},"26":{"start":{"line":100,"column":20},"end":{"line":100,"column":85},"skip":true},"27":{"start":{"line":101,"column":20},"end":{"line":101,"column":96},"skip":true},"28":{"start":{"line":103,"column":16},"end":{"line":103,"column":22},"skip":true},"29":{"start":{"line":106,"column":16},"end":{"line":106,"column":22},"skip":true},"30":{"start":{"line":108,"column":12},"end":{"line":120,"column":13},"skip":true},"31":{"start":{"line":114,"column":16},"end":{"line":119,"column":17},"skip":true},"32":{"start":{"line":116,"column":20},"end":{"line":116,"column":78},"skip":true},"33":{"start":{"line":118,"column":20},"end":{"line":118,"column":47},"skip":true},"34":{"start":{"line":123,"column":8},"end":{"line":141,"column":11},"skip":true},"35":{"start":{"line":124,"column":12},"end":{"line":124,"column":54},"skip":true},"36":{"start":{"line":125,"column":12},"end":{"line":140,"column":14},"skip":true},"37":{"start":{"line":126,"column":16},"end":{"line":126,"column":28},"skip":true},"38":{"start":{"line":127,"column":16},"end":{"line":127,"column":69},"skip":true},"39":{"start":{"line":128,"column":16},"end":{"line":128,"column":75},"skip":true},"40":{"start":{"line":129,"column":16},"end":{"line":131,"column":17},"skip":true},"41":{"start":{"line":130,"column":20},"end":{"line":130,"column":27},"skip":true},"42":{"start":{"line":133,"column":16},"end":{"line":137,"column":36},"skip":true},"43":{"start":{"line":134,"column":20},"end":{"line":136,"column":55},"skip":true},"44":{"start":{"line":139,"column":16},"end":{"line":139,"column":57},"skip":true},"45":{"start":{"line":143,"column":8},"end":{"line":147,"column":11},"skip":true},"46":{"start":{"line":144,"column":12},"end":{"line":146,"column":15},"skip":true},"47":{"start":{"line":145,"column":16},"end":{"line":145,"column":70},"skip":true},"48":{"start":{"line":149,"column":8},"end":{"line":149,"column":31},"skip":true},"49":{"start":{"line":150,"column":8},"end":{"line":150,"column":14},"skip":true},"50":{"start":{"line":158,"column":8},"end":{"line":158,"column":31},"skip":true},"51":{"start":{"line":160,"column":8},"end":{"line":160,"column":33},"skip":true},"52":{"start":{"line":161,"column":8},"end":{"line":161,"column":37},"skip":true},"53":{"start":{"line":162,"column":8},"end":{"line":162,"column":35},"skip":true},"54":{"start":{"line":164,"column":8},"end":{"line":164,"column":50},"skip":true},"55":{"start":{"line":166,"column":8},"end":{"line":256,"column":2},"skip":true},"56":{"start":{"line":258,"column":8},"end":{"line":286,"column":9},"skip":true},"57":{"start":{"line":259,"column":12},"end":{"line":269,"column":14},"skip":true},"58":{"start":{"line":271,"column":12},"end":{"line":285,"column":19},"skip":true},"59":{"start":{"line":274,"column":20},"end":{"line":274,"column":35},"skip":true},"60":{"start":{"line":275,"column":20},"end":{"line":284,"column":21},"skip":true},"61":{"start":{"line":277,"column":24},"end":{"line":277,"column":64},"skip":true},"62":{"start":{"line":279,"column":24},"end":{"line":279,"column":40},"skip":true},"63":{"start":{"line":281,"column":24},"end":{"line":281,"column":40},"skip":true},"64":{"start":{"line":283,"column":24},"end":{"line":283,"column":39},"skip":true},"65":{"start":{"line":288,"column":8},"end":{"line":290,"column":9},"skip":true},"66":{"start":{"line":289,"column":12},"end":{"line":289,"column":18},"skip":true},"67":{"start":{"line":291,"column":8},"end":{"line":293,"column":54},"skip":true},"68":{"start":{"line":296,"column":8},"end":{"line":301,"column":37},"skip":true},"69":{"start":{"line":303,"column":8},"end":{"line":303,"column":82},"skip":true},"70":{"start":{"line":306,"column":8},"end":{"line":308,"column":9},"skip":true},"71":{"start":{"line":307,"column":12},"end":{"line":307,"column":82},"skip":true},"72":{"start":{"line":310,"column":8},"end":{"line":312,"column":9},"skip":true},"73":{"start":{"line":311,"column":12},"end":{"line":311,"column":18},"skip":true},"74":{"start":{"line":313,"column":8},"end":{"line":313,"column":54},"skip":true},"75":{"start":{"line":314,"column":8},"end":{"line":314,"column":69},"skip":true},"76":{"start":{"line":315,"column":8},"end":{"line":323,"column":36},"skip":true},"77":{"start":{"line":316,"column":12},"end":{"line":316,"column":61},"skip":true},"78":{"start":{"line":317,"column":12},"end":{"line":320,"column":13},"skip":true},"79":{"start":{"line":318,"column":16},"end":{"line":318,"column":75},"skip":true},"80":{"start":{"line":319,"column":16},"end":{"line":319,"column":23},"skip":true},"81":{"start":{"line":321,"column":12},"end":{"line":321,"column":38},"skip":true},"82":{"start":{"line":322,"column":12},"end":{"line":322,"column":27},"skip":true},"83":{"start":{"line":324,"column":8},"end":{"line":324,"column":14},"skip":true}},"branchMap":{"1":{"line":39,"type":"binary-expr","locations":[{"start":{"line":39,"column":23},"end":{"line":39,"column":62}},{"start":{"line":40,"column":20},"end":{"line":40,"column":70}},{"start":{"line":41,"column":20},"end":{"line":41,"column":71}},{"start":{"line":42,"column":20},"end":{"line":42,"column":29}}]},"2":{"line":44,"type":"binary-expr","locations":[{"start":{"line":44,"column":23},"end":{"line":44,"column":37}},{"start":{"line":45,"column":20},"end":{"line":45,"column":61}},{"start":{"line":46,"column":20},"end":{"line":46,"column":70}},{"start":{"line":47,"column":20},"end":{"line":47,"column":26}}]},"3":{"line":51,"type":"cond-expr","locations":[{"start":{"line":52,"column":14},"end":{"line":52,"column":20}},{"start":{"line":53,"column":14},"end":{"line":53,"column":20}}]},"4":{"line":55,"type":"binary-expr","locations":[{"start":{"line":55,"column":16},"end":{"line":55,"column":44}},{"start":{"line":55,"column":49},"end":{"line":57,"column":43}}]},"5":{"line":55,"type":"cond-expr","locations":[{"start":{"line":56,"column":14},"end":{"line":56,"column":53}},{"start":{"line":57,"column":14},"end":{"line":57,"column":43}}]},"6":{"line":61,"type":"switch","locations":[{"start":{"line":68,"column":4},"end":{"line":150,"column":14},"skip":true},{"start":{"line":156,"column":4},"end":{"line":324,"column":14},"skip":true}]},"7":{"line":70,"type":"if","locations":[{"start":{"line":70,"column":12},"end":{"line":70,"column":12},"skip":true},{"start":{"line":70,"column":12},"end":{"line":70,"column":12},"skip":true}]},"8":{"line":70,"type":"binary-expr","locations":[{"start":{"line":70,"column":16},"end":{"line":70,"column":22},"skip":true},{"start":{"line":70,"column":27},"end":{"line":70,"column":32},"skip":true},{"start":{"line":71,"column":20},"end":{"line":71,"column":39},"skip":true},{"start":{"line":72,"column":20},"end":{"line":72,"column":49},"skip":true},{"start":{"line":73,"column":20},"end":{"line":73,"column":58},"skip":true},{"start":{"line":74,"column":20},"end":{"line":74,"column":69},"skip":true}]},"9":{"line":79,"type":"switch","locations":[{"start":{"line":80,"column":20},"end":{"line":80,"column":33},"skip":true},{"start":{"line":81,"column":20},"end":{"line":83,"column":30},"skip":true},{"start":{"line":84,"column":20},"end":{"line":85,"column":49},"skip":true}]},"10":{"line":89,"type":"switch","locations":[{"start":{"line":90,"column":12},"end":{"line":103,"column":22},"skip":true},{"start":{"line":105,"column":12},"end":{"line":106,"column":22},"skip":true}]},"11":{"line":89,"type":"binary-expr","locations":[{"start":{"line":89,"column":20},"end":{"line":89,"column":25},"skip":true},{"start":{"line":89,"column":29},"end":{"line":89,"column":48},"skip":true},{"start":{"line":89,"column":52},"end":{"line":89,"column":74},"skip":true}]},"12":{"line":92,"type":"if","locations":[{"start":{"line":92,"column":16},"end":{"line":92,"column":16},"skip":true},{"start":{"line":92,"column":16},"end":{"line":92,"column":16},"skip":true}]},"13":{"line":108,"type":"if","locations":[{"start":{"line":108,"column":12},"end":{"line":108,"column":12},"skip":true},{"start":{"line":108,"column":12},"end":{"line":108,"column":12},"skip":true}]},"14":{"line":108,"type":"binary-expr","locations":[{"start":{"line":108,"column":16},"end":{"line":108,"column":61},"skip":true},{"start":{"line":108,"column":66},"end":{"line":108,"column":72},"skip":true},{"start":{"line":108,"column":77},"end":{"line":108,"column":82},"skip":true},{"start":{"line":109,"column":20},"end":{"line":109,"column":39},"skip":true},{"start":{"line":110,"column":20},"end":{"line":110,"column":49},"skip":true},{"start":{"line":111,"column":20},"end":{"line":111,"column":58},"skip":true},{"start":{"line":112,"column":20},"end":{"line":112,"column":68},"skip":true}]},"15":{"line":129,"type":"if","locations":[{"start":{"line":129,"column":16},"end":{"line":129,"column":16},"skip":true},{"start":{"line":129,"column":16},"end":{"line":129,"column":16},"skip":true}]},"16":{"line":134,"type":"cond-expr","locations":[{"start":{"line":135,"column":26},"end":{"line":135,"column":29},"skip":true},{"start":{"line":136,"column":26},"end":{"line":136,"column":54},"skip":true}]},"17":{"line":164,"type":"binary-expr","locations":[{"start":{"line":164,"column":27},"end":{"line":164,"column":43},"skip":true},{"start":{"line":164,"column":47},"end":{"line":164,"column":49},"skip":true}]},"18":{"line":258,"type":"if","locations":[{"start":{"line":258,"column":8},"end":{"line":258,"column":8},"skip":true},{"start":{"line":258,"column":8},"end":{"line":258,"column":8},"skip":true}]},"19":{"line":275,"type":"switch","locations":[{"start":{"line":276,"column":20},"end":{"line":277,"column":64},"skip":true},{"start":{"line":278,"column":20},"end":{"line":279,"column":40},"skip":true},{"start":{"line":280,"column":20},"end":{"line":281,"column":40},"skip":true},{"start":{"line":282,"column":20},"end":{"line":283,"column":39},"skip":true}]},"20":{"line":288,"type":"if","locations":[{"start":{"line":288,"column":8},"end":{"line":288,"column":8},"skip":true},{"start":{"line":288,"column":8},"end":{"line":288,"column":8},"skip":true}]},"21":{"line":288,"type":"binary-expr","locations":[{"start":{"line":288,"column":12},"end":{"line":288,"column":40},"skip":true},{"start":{"line":288,"column":44},"end":{"line":288,"column":67},"skip":true}]},"22":{"line":292,"type":"binary-expr","locations":[{"start":{"line":292,"column":12},"end":{"line":292,"column":50},"skip":true},{"start":{"line":293,"column":12},"end":{"line":293,"column":53},"skip":true}]},"23":{"line":297,"type":"binary-expr","locations":[{"start":{"line":297,"column":12},"end":{"line":297,"column":67},"skip":true},{"start":{"line":298,"column":12},"end":{"line":301,"column":36},"skip":true}]},"24":{"line":303,"type":"binary-expr","locations":[{"start":{"line":303,"column":43},"end":{"line":303,"column":75},"skip":true},{"start":{"line":303,"column":79},"end":{"line":303,"column":81},"skip":true}]},"25":{"line":306,"type":"if","locations":[{"start":{"line":306,"column":8},"end":{"line":306,"column":8},"skip":true},{"start":{"line":306,"column":8},"end":{"line":306,"column":8},"skip":true}]},"26":{"line":310,"type":"if","locations":[{"start":{"line":310,"column":8},"end":{"line":310,"column":8},"skip":true},{"start":{"line":310,"column":8},"end":{"line":310,"column":8},"skip":true}]},"27":{"line":313,"type":"binary-expr","locations":[{"start":{"line":313,"column":27},"end":{"line":313,"column":43},"skip":true},{"start":{"line":313,"column":47},"end":{"line":313,"column":53},"skip":true}]},"28":{"line":317,"type":"if","locations":[{"start":{"line":317,"column":12},"end":{"line":317,"column":12},"skip":true},{"start":{"line":317,"column":12},"end":{"line":317,"column":12},"skip":true}]}},"code":["/*","example.js","","quickstart example","","instruction","    1. save this script as example.js","    2. run the shell command:","        $ npm install npmtest-penthouse && PORT=8081 node example.js","    3. play with the browser-demo on http://127.0.0.1:8081","*/","","","","/* istanbul instrument in package npmtest_penthouse */","/*jslint","    bitwise: true,","    browser: true,","    maxerr: 8,","    maxlen: 96,","    node: true,","    nomen: true,","    regexp: true,","    stupid: true","*/","(function () {","    'use strict';","    var local;","","","","    // run shared js-env code - pre-init","    (function () {","        // init local","        local = {};","        // init modeJs","        local.modeJs = (function () {","            try {","                return typeof navigator.userAgent === 'string' &&","                    typeof document.querySelector('body') === 'object' &&","                    typeof XMLHttpRequest.prototype.open === 'function' &&","                    'browser';","            } catch (errorCaughtBrowser) {","                return module.exports &&","                    typeof process.versions.node === 'string' &&","                    typeof require('http').createServer === 'function' &&","                    'node';","            }","        }());","        // init global","        local.global = local.modeJs === 'browser'","            ? window","            : global;","        // init utility2_rollup","        local = local.global.utility2_rollup || (local.modeJs === 'browser'","            ? local.global.utility2_npmtest_penthouse","            : global.utility2_moduleExports);","        // export local","        local.global.local = local;","    }());","    switch (local.modeJs) {","","","","    // post-init","    // run browser js-env code - post-init","    /* istanbul ignore next */","    case 'browser':","        local.testRunBrowser = function (event) {","            if (!event || (event &&","                    event.currentTarget &&","                    event.currentTarget.className &&","                    event.currentTarget.className.includes &&","                    event.currentTarget.className.includes('onreset'))) {","                // reset output","                Array.from(","                    document.querySelectorAll('body > .resettable')","                ).forEach(function (element) {","                    switch (element.tagName) {","                    case 'INPUT':","                    case 'TEXTAREA':","                        element.value = '';","                        break;","                    default:","                        element.textContent = '';","                    }","                });","            }","            switch (event && event.currentTarget && event.currentTarget.id) {","            case 'testRunButton1':","                // show tests","                if (document.querySelector('#testReportDiv1').style.display === 'none') {","                    document.querySelector('#testReportDiv1').style.display = 'block';","                    document.querySelector('#testRunButton1').textContent =","                        'hide internal test';","                    local.modeTest = true;","                    local.testRunDefault(local);","                // hide tests","                } else {","                    document.querySelector('#testReportDiv1').style.display = 'none';","                    document.querySelector('#testRunButton1').textContent = 'run internal test';","                }","                break;","            // custom-case","            default:","                break;","            }","            if (document.querySelector('#inputTextareaEval1') && (!event || (event &&","                    event.currentTarget &&","                    event.currentTarget.className &&","                    event.currentTarget.className.includes &&","                    event.currentTarget.className.includes('oneval')))) {","                // try to eval input-code","                try {","                    /*jslint evil: true*/","                    eval(document.querySelector('#inputTextareaEval1').value);","                } catch (errorCaught) {","                    console.error(errorCaught);","                }","            }","        };","        // log stderr and stdout to #outputTextareaStdout1","        ['error', 'log'].forEach(function (key) {","            console[key + '_original'] = console[key];","            console[key] = function () {","                var element;","                console[key + '_original'].apply(console, arguments);","                element = document.querySelector('#outputTextareaStdout1');","                if (!element) {","                    return;","                }","                // append text to #outputTextareaStdout1","                element.value += Array.from(arguments).map(function (arg) {","                    return typeof arg === 'string'","                        ? arg","                        : JSON.stringify(arg, null, 4);","                }).join(' ') + '\\n';","                // scroll textarea to bottom","                element.scrollTop = element.scrollHeight;","            };","        });","        // init event-handling","        ['change', 'click', 'keyup'].forEach(function (event) {","            Array.from(document.querySelectorAll('.on' + event)).forEach(function (element) {","                element.addEventListener(event, local.testRunBrowser);","            });","        });","        // run tests","        local.testRunBrowser();","        break;","","","","    // run node js-env code - post-init","    /* istanbul ignore next */","    case 'node':","        // export local","        module.exports = local;","        // require modules","        local.fs = require('fs');","        local.http = require('http');","        local.url = require('url');","        // init assets","        local.assetsDict = local.assetsDict || {};","        /* jslint-ignore-begin */","        local.assetsDict['/assets.index.template.html'] = '\\","<!doctype html>\\n\\","<html lang=\"en\">\\n\\","<head>\\n\\","<meta charset=\"UTF-8\">\\n\\","<meta name=\"viewport\" content=\"width=device-width, initial-scale=1\">\\n\\","<title>{{env.npm_package_name}} (v{{env.npm_package_version}})</title>\\n\\","<style>\\n\\","/*csslint\\n\\","    box-sizing: false,\\n\\","    universal-selector: false\\n\\","*/\\n\\","* {\\n\\","    box-sizing: border-box;\\n\\","}\\n\\","body {\\n\\","    background: #dde;\\n\\","    font-family: Arial, Helvetica, sans-serif;\\n\\","    margin: 2rem;\\n\\","}\\n\\","body > * {\\n\\","    margin-bottom: 1rem;\\n\\","}\\n\\",".utility2FooterDiv {\\n\\","    margin-top: 20px;\\n\\","    text-align: center;\\n\\","}\\n\\","</style>\\n\\","<style>\\n\\","/*csslint\\n\\","*/\\n\\","textarea {\\n\\","    font-family: monospace;\\n\\","    height: 10rem;\\n\\","    width: 100%;\\n\\","}\\n\\","textarea[readonly] {\\n\\","    background: #ddd;\\n\\","}\\n\\","</style>\\n\\","</head>\\n\\","<body>\\n\\","<!-- utility2-comment\\n\\","<div id=\"ajaxProgressDiv1\" style=\"background: #d00; height: 2px; left: 0; margin: 0; padding: 0; position: fixed; top: 0; transition: background 0.5s, width 1.5s; width: 25%;\"></div>\\n\\","utility2-comment -->\\n\\","<h1>\\n\\","<!-- utility2-comment\\n\\","    <a\\n\\","        {{#if env.npm_package_homepage}}\\n\\","        href=\"{{env.npm_package_homepage}}\"\\n\\","        {{/if env.npm_package_homepage}}\\n\\","        target=\"_blank\"\\n\\","    >\\n\\","utility2-comment -->\\n\\","        {{env.npm_package_name}} (v{{env.npm_package_version}})\\n\\","<!-- utility2-comment\\n\\","    </a>\\n\\","utility2-comment -->\\n\\","</h1>\\n\\","<h3>{{env.npm_package_description}}</h3>\\n\\","<!-- utility2-comment\\n\\","<h4><a download href=\"assets.app.js\">download standalone app</a></h4>\\n\\","<button class=\"onclick onreset\" id=\"testRunButton1\">run internal test</button><br>\\n\\","<div id=\"testReportDiv1\" style=\"display: none;\"></div>\\n\\","utility2-comment -->\\n\\","\\n\\","\\n\\","\\n\\","<label>stderr and stdout</label>\\n\\","<textarea class=\"resettable\" id=\"outputTextareaStdout1\" readonly></textarea>\\n\\","<!-- utility2-comment\\n\\","{{#if isRollup}}\\n\\","<script src=\"assets.app.js\"></script>\\n\\","{{#unless isRollup}}\\n\\","utility2-comment -->\\n\\","<script src=\"assets.utility2.rollup.js\"></script>\\n\\","<script src=\"jsonp.utility2._stateInit?callback=window.utility2._stateInit\"></script>\\n\\","<script src=\"assets.npmtest_penthouse.rollup.js\"></script>\\n\\","<script src=\"assets.example.js\"></script>\\n\\","<script src=\"assets.test.js\"></script>\\n\\","<!-- utility2-comment\\n\\","{{/if isRollup}}\\n\\","utility2-comment -->\\n\\","<div class=\"utility2FooterDiv\">\\n\\","    [ this app was created with\\n\\","    <a href=\"https://github.com/kaizhu256/node-utility2\" target=\"_blank\">utility2</a>\\n\\","    ]\\n\\","</div>\\n\\","</body>\\n\\","</html>\\n\\","';","        /* jslint-ignore-end */","        if (local.templateRender) {","            local.assetsDict['/'] = local.templateRender(","                local.assetsDict['/assets.index.template.html'],","                {","                    env: local.objectSetDefault(local.env, {","                        npm_package_description: 'the greatest app in the world!',","                        npm_package_name: 'my-app',","                        npm_package_nameAlias: 'my_app',","                        npm_package_version: '0.0.1'","                    })","                }","            );","        } else {","            local.assetsDict['/'] = local.assetsDict['/assets.index.template.html']","                .replace((/\\{\\{env\\.(\\w+?)\\}\\}/g), function (match0, match1) {","                    // jslint-hack","                    String(match0);","                    switch (match1) {","                    case 'npm_package_description':","                        return 'the greatest app in the world!';","                    case 'npm_package_name':","                        return 'my-app';","                    case 'npm_package_nameAlias':","                        return 'my_app';","                    case 'npm_package_version':","                        return '0.0.1';","                    }","                });","        }","        // run the cli","        if (local.global.utility2_rollup || module !== require.main) {","            break;","        }","        local.assetsDict['/assets.example.js'] =","            local.assetsDict['/assets.example.js'] ||","            local.fs.readFileSync(__filename, 'utf8');","        // bug-workaround - long $npm_package_buildCustomOrg","        /* jslint-ignore-begin */","        local.assetsDict['/assets.npmtest_penthouse.rollup.js'] =","            local.assetsDict['/assets.npmtest_penthouse.rollup.js'] ||","            local.fs.readFileSync(","                local.npmtest_penthouse.__dirname + '/lib.npmtest_penthouse.js',","                'utf8'","            ).replace((/^#!/), '//');","        /* jslint-ignore-end */","        local.assetsDict['/favicon.ico'] = local.assetsDict['/favicon.ico'] || '';","        // if $npm_config_timeout_exit exists,","        // then exit this process after $npm_config_timeout_exit ms","        if (Number(process.env.npm_config_timeout_exit)) {","            setTimeout(process.exit, Number(process.env.npm_config_timeout_exit));","        }","        // start server","        if (local.global.utility2_serverHttp1) {","            break;","        }","        process.env.PORT = process.env.PORT || '8081';","        console.error('server starting on port ' + process.env.PORT);","        local.http.createServer(function (request, response) {","            request.urlParsed = local.url.parse(request.url);","            if (local.assetsDict[request.urlParsed.pathname] !== undefined) {","                response.end(local.assetsDict[request.urlParsed.pathname]);","                return;","            }","            response.statusCode = 404;","            response.end();","        }).listen(process.env.PORT);","        break;","    }","}());",""],"l":{"26":2,"28":2,"33":2,"35":2,"37":2,"38":2,"39":2,"44":1,"51":2,"55":2,"59":2,"61":2,"69":1,"70":2,"76":2,"79":2,"82":2,"83":2,"85":1,"89":2,"92":1,"93":1,"94":1,"96":1,"97":1,"100":1,"101":1,"103":1,"106":1,"108":2,"114":1,"116":1,"118":1,"123":1,"124":2,"125":2,"126":3,"127":3,"128":3,"129":3,"130":1,"133":3,"134":3,"139":3,"143":1,"144":3,"145":1,"149":1,"150":1,"158":1,"160":1,"161":1,"162":1,"164":1,"166":1,"258":1,"259":1,"271":1,"274":6,"275":6,"277":1,"279":2,"281":1,"283":2,"288":1,"289":1,"291":1,"296":1,"303":1,"306":1,"307":1,"310":1,"311":1,"313":1,"314":1,"315":1,"316":1,"317":1,"318":1,"319":1,"321":1,"322":1,"324":1}},"/home/travis/build/npmtest/node-npmtest-penthouse/node_modules/penthouse/lib/index.js":{"path":"/home/travis/build/npmtest/node-npmtest-penthouse/node_modules/penthouse/lib/index.js","s":{"1":1,"2":1,"3":1,"4":1,"5":1,"6":1,"7":1,"8":1,"9":1,"10":1,"11":1,"12":1,"13":1,"14":1,"15":1,"16":1,"17":1,"18":1,"19":1,"20":1,"21":1,"22":1,"23":0,"24":0,"25":0,"26":0,"27":1,"28":0,"29":0,"30":0,"31":0,"32":0,"33":1,"34":0,"35":0,"36":0,"37":1,"38":0,"39":0,"40":0,"41":0,"42":0,"43":0,"44":0,"45":0,"46":0,"47":1,"48":0,"49":0,"50":0,"51":0,"52":0,"53":0,"54":0,"55":0,"56":0,"57":0,"58":0,"59":0,"60":0,"61":0,"62":0,"63":0,"64":0,"65":0,"66":0,"67":0,"68":0,"69":0,"70":0,"71":0,"72":0,"73":0,"74":0,"75":0,"76":0,"77":0,"78":0,"79":0,"80":0,"81":0,"82":0,"83":0,"84":0,"85":0,"86":0,"87":0,"88":0,"89":0,"90":0,"91":0,"92":0,"93":0,"94":0,"95":0,"96":0,"97":0,"98":1,"99":0,"100":1,"101":0,"102":0,"103":0,"104":0,"105":1,"106":0,"107":0,"108":0,"109":0,"110":0,"111":0,"112":0,"113":0,"114":0,"115":0,"116":0,"117":0,"118":0,"119":0,"120":0,"121":0,"122":0,"123":0,"124":0,"125":0,"126":0,"127":0,"128":0,"129":0,"130":0,"131":0,"132":0,"133":0,"134":0,"135":0,"136":0},"b":{"1":[0,0],"2":[0,0],"3":[0,0],"4":[0,0],"5":[0,0],"6":[0,0],"7":[0,0],"8":[0,0],"9":[0,0],"10":[0,0],"11":[0,0],"12":[0,0],"13":[0,0],"14":[0,0],"15":[0,0],"16":[0,0],"17":[0,0],"18":[0,0],"19":[0,0],"20":[0,0],"21":[0,0],"22":[0,0],"23":[0,0],"24":[0,0],"25":[0,0]},"f":{"1":0,"2":0,"3":0,"4":0,"5":0,"6":0,"7":0,"8":0,"9":0,"10":0,"11":0,"12":0,"13":0,"14":0,"15":0,"16":0,"17":0,"18":0,"19":0,"20":0,"21":0,"22":0,"23":0},"fnMap":{"1":{"name":"(anonymous_1)","line":32,"loc":{"start":{"line":32,"column":25},"end":{"line":32,"column":53}}},"2":{"name":"(anonymous_2)","line":36,"loc":{"start":{"line":36,"column":43},"end":{"line":36,"column":62}}},"3":{"name":"penthouseScriptArgs","line":41,"loc":{"start":{"line":41,"column":0},"end":{"line":41,"column":52}}},"4":{"name":"(anonymous_4)","line":43,"loc":{"start":{"line":43,"column":54},"end":{"line":43,"column":83}}},"5":{"name":"writeAstToFile","line":66,"loc":{"start":{"line":66,"column":0},"end":{"line":66,"column":30}}},"6":{"name":"(anonymous_6)","line":73,"loc":{"start":{"line":73,"column":25},"end":{"line":73,"column":54}}},"7":{"name":"(anonymous_7)","line":78,"loc":{"start":{"line":78,"column":17},"end":{"line":78,"column":41}}},"8":{"name":"generateCriticalCss","line":87,"loc":{"start":{"line":87,"column":2},"end":{"line":87,"column":37}}},"9":{"name":"(anonymous_9)","line":105,"loc":{"start":{"line":105,"column":19},"end":{"line":105,"column":34}}},"10":{"name":"(anonymous_10)","line":115,"loc":{"start":{"line":115,"column":25},"end":{"line":115,"column":41}}},"11":{"name":"(anonymous_11)","line":119,"loc":{"start":{"line":119,"column":25},"end":{"line":119,"column":41}}},"12":{"name":"(anonymous_12)","line":124,"loc":{"start":{"line":124,"column":19},"end":{"line":124,"column":35}}},"13":{"name":"(anonymous_13)","line":131,"loc":{"start":{"line":131,"column":29},"end":{"line":131,"column":41}}},"14":{"name":"(anonymous_14)","line":138,"loc":{"start":{"line":138,"column":18},"end":{"line":138,"column":34}}},"15":{"name":"(anonymous_15)","line":142,"loc":{"start":{"line":142,"column":20},"end":{"line":142,"column":39}}},"16":{"name":"(anonymous_16)","line":170,"loc":{"start":{"line":170,"column":15},"end":{"line":170,"column":30}}},"17":{"name":"exitHandler","line":194,"loc":{"start":{"line":194,"column":4},"end":{"line":194,"column":28}}},"18":{"name":"sigtermHandler","line":197,"loc":{"start":{"line":197,"column":4},"end":{"line":197,"column":31}}},"19":{"name":"generateAstFromCssFile","line":205,"loc":{"start":{"line":205,"column":2},"end":{"line":205,"column":47}}},"20":{"name":"(anonymous_20)","line":209,"loc":{"start":{"line":209,"column":23},"end":{"line":209,"column":50}}},"21":{"name":"(anonymous_21)","line":220,"loc":{"start":{"line":220,"column":62},"end":{"line":220,"column":77}}},"22":{"name":"(anonymous_22)","line":247,"loc":{"start":{"line":247,"column":8},"end":{"line":247,"column":38}}},"23":{"name":"(anonymous_23)","line":251,"loc":{"start":{"line":251,"column":66},"end":{"line":251,"column":81}}}},"statementMap":{"1":{"start":{"line":7,"column":0},"end":{"line":7,"column":22}},"2":{"start":{"line":8,"column":0},"end":{"line":8,"column":24}},"3":{"start":{"line":9,"column":0},"end":{"line":9,"column":26}},"4":{"start":{"line":10,"column":0},"end":{"line":10,"column":42}},"5":{"start":{"line":11,"column":0},"end":{"line":11,"column":45}},"6":{"start":{"line":12,"column":0},"end":{"line":12,"column":37}},"7":{"start":{"line":13,"column":0},"end":{"line":13,"column":36}},"8":{"start":{"line":14,"column":0},"end":{"line":14,"column":36}},"9":{"start":{"line":15,"column":0},"end":{"line":15,"column":35}},"10":{"start":{"line":16,"column":0},"end":{"line":16,"column":49}},"11":{"start":{"line":17,"column":0},"end":{"line":17,"column":45}},"12":{"start":{"line":20,"column":0},"end":{"line":20,"column":81}},"13":{"start":{"line":21,"column":0},"end":{"line":21,"column":57}},"14":{"start":{"line":23,"column":0},"end":{"line":23,"column":33}},"15":{"start":{"line":24,"column":0},"end":{"line":24,"column":33}},"16":{"start":{"line":25,"column":0},"end":{"line":25,"column":27}},"17":{"start":{"line":26,"column":0},"end":{"line":26,"column":45}},"18":{"start":{"line":27,"column":0},"end":{"line":27,"column":64}},"19":{"start":{"line":28,"column":0},"end":{"line":28,"column":24}},"20":{"start":{"line":29,"column":0},"end":{"line":29,"column":37}},"21":{"start":{"line":30,"column":0},"end":{"line":30,"column":36}},"22":{"start":{"line":32,"column":0},"end":{"line":39,"column":1}},"23":{"start":{"line":33,"column":2},"end":{"line":35,"column":3}},"24":{"start":{"line":34,"column":4},"end":{"line":34,"column":14}},"25":{"start":{"line":36,"column":2},"end":{"line":38,"column":4}},"26":{"start":{"line":37,"column":4},"end":{"line":37,"column":60}},"27":{"start":{"line":41,"column":0},"end":{"line":64,"column":1}},"28":{"start":{"line":43,"column":2},"end":{"line":48,"column":4}},"29":{"start":{"line":44,"column":4},"end":{"line":46,"column":5}},"30":{"start":{"line":45,"column":6},"end":{"line":45,"column":64}},"31":{"start":{"line":47,"column":4},"end":{"line":47,"column":39}},"32":{"start":{"line":51,"column":2},"end":{"line":63,"column":3}},"33":{"start":{"line":66,"column":0},"end":{"line":71,"column":1}},"34":{"start":{"line":68,"column":2},"end":{"line":68,"column":43}},"35":{"start":{"line":69,"column":2},"end":{"line":69,"column":52}},"36":{"start":{"line":70,"column":2},"end":{"line":70,"column":15}},"37":{"start":{"line":73,"column":0},"end":{"line":268,"column":1}},"38":{"start":{"line":74,"column":2},"end":{"line":74,"column":17}},"39":{"start":{"line":75,"column":2},"end":{"line":75,"column":17}},"40":{"start":{"line":77,"column":2},"end":{"line":77,"column":29}},"41":{"start":{"line":78,"column":2},"end":{"line":84,"column":3}},"42":{"start":{"line":79,"column":4},"end":{"line":83,"column":5}},"43":{"start":{"line":80,"column":6},"end":{"line":80,"column":96}},"44":{"start":{"line":81,"column":6},"end":{"line":81,"column":22}},"45":{"start":{"line":82,"column":6},"end":{"line":82,"column":27}},"46":{"start":{"line":85,"column":2},"end":{"line":85,"column":30}},"47":{"start":{"line":87,"column":2},"end":{"line":203,"column":3}},"48":{"start":{"line":88,"column":4},"end":{"line":90,"column":19}},"49":{"start":{"line":92,"column":4},"end":{"line":92,"column":56}},"50":{"start":{"line":94,"column":4},"end":{"line":94,"column":39}},"51":{"start":{"line":96,"column":4},"end":{"line":96,"column":65}},"52":{"start":{"line":98,"column":4},"end":{"line":98,"column":91}},"53":{"start":{"line":99,"column":4},"end":{"line":99,"column":30}},"54":{"start":{"line":100,"column":4},"end":{"line":100,"column":52}},"55":{"start":{"line":102,"column":4},"end":{"line":102,"column":47}},"56":{"start":{"line":105,"column":4},"end":{"line":113,"column":6}},"57":{"start":{"line":106,"column":6},"end":{"line":106,"column":76}},"58":{"start":{"line":107,"column":6},"end":{"line":107,"column":32}},"59":{"start":{"line":108,"column":6},"end":{"line":108,"column":31}},"60":{"start":{"line":109,"column":6},"end":{"line":109,"column":19}},"61":{"start":{"line":112,"column":6},"end":{"line":112,"column":32}},"62":{"start":{"line":115,"column":4},"end":{"line":117,"column":6}},"63":{"start":{"line":116,"column":6},"end":{"line":116,"column":20}},"64":{"start":{"line":119,"column":4},"end":{"line":122,"column":6}},"65":{"start":{"line":120,"column":6},"end":{"line":120,"column":20}},"66":{"start":{"line":121,"column":6},"end":{"line":121,"column":28}},"67":{"start":{"line":124,"column":4},"end":{"line":128,"column":6}},"68":{"start":{"line":125,"column":6},"end":{"line":127,"column":7}},"69":{"start":{"line":126,"column":8},"end":{"line":126,"column":69}},"70":{"start":{"line":131,"column":4},"end":{"line":136,"column":19}},"71":{"start":{"line":132,"column":6},"end":{"line":132,"column":73}},"72":{"start":{"line":133,"column":6},"end":{"line":133,"column":26}},"73":{"start":{"line":134,"column":6},"end":{"line":134,"column":19}},"74":{"start":{"line":135,"column":6},"end":{"line":135,"column":24}},"75":{"start":{"line":138,"column":4},"end":{"line":192,"column":6}},"76":{"start":{"line":139,"column":6},"end":{"line":181,"column":7}},"77":{"start":{"line":142,"column":8},"end":{"line":172,"column":10}},"78":{"start":{"line":143,"column":10},"end":{"line":145,"column":33}},"79":{"start":{"line":147,"column":10},"end":{"line":165,"column":11}},"80":{"start":{"line":149,"column":12},"end":{"line":149,"column":86}},"81":{"start":{"line":152,"column":12},"end":{"line":164,"column":14}},"82":{"start":{"line":166,"column":10},"end":{"line":166,"column":34}},"83":{"start":{"line":167,"column":10},"end":{"line":167,"column":19}},"84":{"start":{"line":168,"column":10},"end":{"line":168,"column":16}},"85":{"start":{"line":171,"column":10},"end":{"line":171,"column":23}},"86":{"start":{"line":174,"column":8},"end":{"line":174,"column":69}},"87":{"start":{"line":175,"column":8},"end":{"line":175,"column":44}},"88":{"start":{"line":176,"column":8},"end":{"line":176,"column":23}},"89":{"start":{"line":177,"column":8},"end":{"line":177,"column":33}},"90":{"start":{"line":178,"column":8},"end":{"line":178,"column":27}},"91":{"start":{"line":179,"column":8},"end":{"line":179,"column":27}},"92":{"start":{"line":180,"column":8},"end":{"line":180,"column":21}},"93":{"start":{"line":183,"column":6},"end":{"line":183,"column":31}},"94":{"start":{"line":186,"column":6},"end":{"line":186,"column":49}},"95":{"start":{"line":187,"column":6},"end":{"line":187,"column":55}},"96":{"start":{"line":190,"column":6},"end":{"line":190,"column":32}},"97":{"start":{"line":191,"column":6},"end":{"line":191,"column":24}},"98":{"start":{"line":194,"column":4},"end":{"line":196,"column":5}},"99":{"start":{"line":195,"column":6},"end":{"line":195,"column":24}},"100":{"start":{"line":197,"column":4},"end":{"line":200,"column":5}},"101":{"start":{"line":198,"column":6},"end":{"line":198,"column":24}},"102":{"start":{"line":199,"column":6},"end":{"line":199,"column":21}},"103":{"start":{"line":201,"column":4},"end":{"line":201,"column":35}},"104":{"start":{"line":202,"column":4},"end":{"line":202,"column":41}},"105":{"start":{"line":205,"column":2},"end":{"line":263,"column":3}},"106":{"start":{"line":209,"column":4},"end":{"line":262,"column":6}},"107":{"start":{"line":210,"column":6},"end":{"line":210,"column":13}},"108":{"start":{"line":211,"column":6},"end":{"line":216,"column":7}},"109":{"start":{"line":212,"column":8},"end":{"line":212,"column":50}},"110":{"start":{"line":214,"column":8},"end":{"line":214,"column":25}},"111":{"start":{"line":215,"column":8},"end":{"line":215,"column":14}},"112":{"start":{"line":217,"column":6},"end":{"line":217,"column":33}},"113":{"start":{"line":219,"column":6},"end":{"line":219,"column":60}},"114":{"start":{"line":220,"column":6},"end":{"line":223,"column":8}},"115":{"start":{"line":222,"column":8},"end":{"line":222,"column":51}},"116":{"start":{"line":224,"column":6},"end":{"line":228,"column":7}},"117":{"start":{"line":225,"column":8},"end":{"line":225,"column":47}},"118":{"start":{"line":226,"column":8},"end":{"line":226,"column":20}},"119":{"start":{"line":227,"column":8},"end":{"line":227,"column":14}},"120":{"start":{"line":232,"column":6},"end":{"line":232,"column":56}},"121":{"start":{"line":233,"column":6},"end":{"line":236,"column":7}},"122":{"start":{"line":234,"column":8},"end":{"line":234,"column":35}},"123":{"start":{"line":235,"column":8},"end":{"line":235,"column":14}},"124":{"start":{"line":238,"column":6},"end":{"line":238,"column":77}},"125":{"start":{"line":239,"column":6},"end":{"line":244,"column":7}},"126":{"start":{"line":245,"column":6},"end":{"line":261,"column":7}},"127":{"start":{"line":248,"column":10},"end":{"line":248,"column":102}},"128":{"start":{"line":249,"column":10},"end":{"line":249,"column":70}},"129":{"start":{"line":250,"column":10},"end":{"line":250,"column":52}},"130":{"start":{"line":251,"column":10},"end":{"line":254,"column":12}},"131":{"start":{"line":253,"column":12},"end":{"line":253,"column":55}},"132":{"start":{"line":255,"column":10},"end":{"line":257,"column":11}},"133":{"start":{"line":256,"column":12},"end":{"line":256,"column":72}},"134":{"start":{"line":258,"column":10},"end":{"line":258,"column":22}},"135":{"start":{"line":259,"column":10},"end":{"line":259,"column":16}},"136":{"start":{"line":265,"column":2},"end":{"line":267,"column":18}}},"branchMap":{"1":{"line":33,"type":"if","locations":[{"start":{"line":33,"column":2},"end":{"line":33,"column":2}},{"start":{"line":33,"column":2},"end":{"line":33,"column":2}}]},"2":{"line":43,"type":"binary-expr","locations":[{"start":{"line":43,"column":22},"end":{"line":43,"column":42}},{"start":{"line":43,"column":46},"end":{"line":43,"column":48}}]},"3":{"line":44,"type":"if","locations":[{"start":{"line":44,"column":4},"end":{"line":44,"column":4}},{"start":{"line":44,"column":4},"end":{"line":44,"column":4}}]},"4":{"line":44,"type":"binary-expr","locations":[{"start":{"line":44,"column":8},"end":{"line":44,"column":45}},{"start":{"line":44,"column":49},"end":{"line":44,"column":96}}]},"5":{"line":52,"type":"binary-expr","locations":[{"start":{"line":52,"column":4},"end":{"line":52,"column":15}},{"start":{"line":52,"column":19},"end":{"line":52,"column":21}}]},"6":{"line":54,"type":"binary-expr","locations":[{"start":{"line":54,"column":4},"end":{"line":54,"column":17}},{"start":{"line":54,"column":21},"end":{"line":54,"column":43}}]},"7":{"line":55,"type":"binary-expr","locations":[{"start":{"line":55,"column":4},"end":{"line":55,"column":18}},{"start":{"line":55,"column":22},"end":{"line":55,"column":45}}]},"8":{"line":57,"type":"binary-expr","locations":[{"start":{"line":57,"column":4},"end":{"line":57,"column":21}},{"start":{"line":57,"column":25},"end":{"line":57,"column":43}}]},"9":{"line":58,"type":"binary-expr","locations":[{"start":{"line":58,"column":4},"end":{"line":58,"column":26}},{"start":{"line":58,"column":30},"end":{"line":58,"column":57}}]},"10":{"line":59,"type":"cond-expr","locations":[{"start":{"line":59,"column":54},"end":{"line":59,"column":77}},{"start":{"line":59,"column":80},"end":{"line":59,"column":105}}]},"11":{"line":61,"type":"binary-expr","locations":[{"start":{"line":61,"column":19},"end":{"line":61,"column":44}},{"start":{"line":61,"column":48},"end":{"line":61,"column":50}}]},"12":{"line":79,"type":"if","locations":[{"start":{"line":79,"column":4},"end":{"line":79,"column":4}},{"start":{"line":79,"column":4},"end":{"line":79,"column":4}}]},"13":{"line":80,"type":"cond-expr","locations":[{"start":{"line":80,"column":77},"end":{"line":80,"column":84}},{"start":{"line":80,"column":87},"end":{"line":80,"column":89}}]},"14":{"line":92,"type":"binary-expr","locations":[{"start":{"line":92,"column":22},"end":{"line":92,"column":37}},{"start":{"line":92,"column":41},"end":{"line":92,"column":56}}]},"15":{"line":125,"type":"if","locations":[{"start":{"line":125,"column":6},"end":{"line":125,"column":6}},{"start":{"line":125,"column":6},"end":{"line":125,"column":6}}]},"16":{"line":139,"type":"if","locations":[{"start":{"line":139,"column":6},"end":{"line":139,"column":6}},{"start":{"line":139,"column":6},"end":{"line":139,"column":6}}]},"17":{"line":144,"type":"cond-expr","locations":[{"start":{"line":144,"column":91},"end":{"line":144,"column":122}},{"start":{"line":144,"column":125},"end":{"line":144,"column":159}}]},"18":{"line":147,"type":"if","locations":[{"start":{"line":147,"column":10},"end":{"line":147,"column":10}},{"start":{"line":147,"column":10},"end":{"line":147,"column":10}}]},"19":{"line":224,"type":"if","locations":[{"start":{"line":224,"column":6},"end":{"line":224,"column":6}},{"start":{"line":224,"column":6},"end":{"line":224,"column":6}}]},"20":{"line":233,"type":"if","locations":[{"start":{"line":233,"column":6},"end":{"line":233,"column":6}},{"start":{"line":233,"column":6},"end":{"line":233,"column":6}}]},"21":{"line":240,"type":"binary-expr","locations":[{"start":{"line":240,"column":8},"end":{"line":240,"column":19}},{"start":{"line":240,"column":23},"end":{"line":240,"column":25}}]},"22":{"line":241,"type":"binary-expr","locations":[{"start":{"line":241,"column":8},"end":{"line":241,"column":19}},{"start":{"line":241,"column":23},"end":{"line":241,"column":25}}]},"23":{"line":242,"type":"binary-expr","locations":[{"start":{"line":242,"column":8},"end":{"line":242,"column":25}},{"start":{"line":242,"column":29},"end":{"line":242,"column":47}}]},"24":{"line":248,"type":"cond-expr","locations":[{"start":{"line":248,"column":57},"end":{"line":248,"column":77}},{"start":{"line":248,"column":80},"end":{"line":248,"column":100}}]},"25":{"line":255,"type":"if","locations":[{"start":{"line":255,"column":10},"end":{"line":255,"column":10}},{"start":{"line":255,"column":10},"end":{"line":255,"column":10}}]}},"code":["/*"," * Node module wrapper for the PhantomJS script"," */","","'use strict'","","var fs = require('fs')","var tmp = require('tmp')","var path = require('path')","var spawn = require('child_process').spawn","var phantomjs = require('phantomjs-prebuilt')","var phantomJsBinPath = phantomjs.path","var apartment = require('apartment')","var cssAstFormatter = require('css')","var osTmpdir = require('os-tmpdir')","var postformatting = require('./postformatting/')","var normalizeCss = require('./normalize-css')","","// for phantomjs","var configString = '--config=' + path.join(__dirname, 'phantomjs', 'config.json')","var script = path.join(__dirname, 'phantomjs', 'core.js')","","var DEFAULT_VIEWPORT_WIDTH = 1300 // px","var DEFAULT_VIEWPORT_HEIGHT = 900 // px","var DEFAULT_TIMEOUT = 30000 // ms","var DEFAULT_MAX_EMBEDDED_BASE64_LENGTH = 1000 // chars","var DEFAULT_USER_AGENT = 'Penthouse Critical Path CSS Generator'","var TMP_DIR = osTmpdir()","var DEFAULT_RENDER_WAIT_TIMEOUT = 100","var DEFAULT_BLOCK_JS_REQUESTS = true","","var toPhantomJsOptions = function (maybeOptionsHash) {","  if (typeof maybeOptionsHash !== 'object') {","    return [];","  }","  return Object.keys(maybeOptionsHash).map(function (optName) {","    return '--' + optName + '=' + maybeOptionsHash[optName];","  })","}","","function penthouseScriptArgs (options, astFilename) {","  // need to annotate forceInclude values to allow RegExp to pass through JSON serialization","  var forceInclude = (options.forceInclude || []).map(function (forceIncludeValue) {","    if (typeof forceIncludeValue === 'object' && forceIncludeValue.constructor.name === 'RegExp') {","      return { type: 'RegExp', value: forceIncludeValue.source }","    }","    return { value: forceIncludeValue }","  })","  // TODO: should just stringify the whole thing and parse inside, rather than doing like this,","  // since the command line util no longer used","  return [","    options.url || '',","    astFilename,","    options.width || DEFAULT_VIEWPORT_WIDTH,","    options.height || DEFAULT_VIEWPORT_HEIGHT,","    JSON.stringify(forceInclude), // stringify to maintain array","    options.userAgent || DEFAULT_USER_AGENT,","    options.renderWaitTime || DEFAULT_RENDER_WAIT_TIMEOUT,","    (typeof options.blockJSRequests !== 'undefined' ? options.blockJSRequests : DEFAULT_BLOCK_JS_REQUESTS),","    // object, needs to be stringified","    JSON.stringify(options.customPageHeaders || {}),","    m.DEBUG","  ]","}","","function writeAstToFile (ast) {","  // save ast to file","  var tmpobj = tmp.fileSync({dir: TMP_DIR})","  fs.writeFileSync(tmpobj.name, JSON.stringify(ast))","  return tmpobj","}","","var m = module.exports = function (options, callback) { // jshint ignore: line","  var stdOut = ''","  var stdErr = ''","  // debugging","  var START_TIME = Date.now()","  var debuglog = function (msg, isError) {","    if (m.DEBUG) {","      var errMsg = 'time: ' + (Date.now() - START_TIME) + ' | ' + (isError ? 'ERR: ' : '') + msg","      stdErr += errMsg","      console.error(errMsg)","    }","  }","  normalizeCss.DEBUG = m.DEBUG","","  function generateCriticalCss (ast) {","    var debuggingHelp = '',","        cp,","        killTimeout","","    var timeoutWait = options.timeout || DEFAULT_TIMEOUT","","    var astTmpobj = writeAstToFile(ast)","","    var scriptArgs = penthouseScriptArgs(options, astTmpobj.name)","","    var phantomJsArgs = [configString].concat(toPhantomJsOptions(options.phantomJsOptions))","    phantomJsArgs.push(script)","    phantomJsArgs = phantomJsArgs.concat(scriptArgs)","","    cp = spawn(phantomJsBinPath, phantomJsArgs)","","    // Errors arise before the process starts","    cp.on('error', function (err) {","      debuggingHelp += 'Error executing penthouse using ' + phantomJsBinPath","      debuggingHelp += err.stack","      err.debug = debuggingHelp","      callback(err)","      // remove the tmp file we created","      // library would clean up after process ends, but this is better for long living proccesses","      astTmpobj.removeCallback()","    })","","    cp.stdout.on('data', function (data) {","      stdOut += data","    })","","    cp.stderr.on('data', function (data) {","      stdErr += data","      debuglog(String(data))","    })","","    cp.on('close', function (code) {","      if (code !== 0) {","        debuggingHelp += 'PhantomJS process closed with code ' + code","      }","    })","","    // kill after timeout","    killTimeout = setTimeout(function () {","      var msg = 'Penthouse timed out after ' + timeoutWait / 1000 + 's. '","      debuggingHelp += msg","      stdErr += msg","      cp.kill('SIGTERM')","    }, timeoutWait)","","    cp.on('exit', function (code) {","      if (code === 0) {","        // promise purely for catching errors,","        // that otherwise exit node","        new Promise(function (resolve) {","          var finalCss = postformatting(stdOut, {","            maxEmbeddedBase64Length: typeof options.maxEmbeddedBase64Length === 'number' ? options.maxEmbeddedBase64Length : DEFAULT_MAX_EMBEDDED_BASE64_LENGTH","          }, m.DEBUG, START_TIME)","","          if (finalCss.trim().length === 0) {","            // TODO: this error should surface to user","            debuglog('Note: Generated critical css was empty for URL: ' + options.url)","          } else {","            // remove irrelevant css properties","            finalCss = apartment(finalCss, {","              properties: [","                '(.*)transition(.*)',","                'cursor',","                'pointer-events',","                '(-webkit-)?tap-highlight-color',","                '(.*)user-select'","              ],","              // TODO: move into core phantomjs script","              selectors: [","                '::(-moz-)?selection'","              ]","            })","          }","          callback(null, finalCss)","          resolve()","          return","        })","        .catch(function (err) {","          callback(err)","        })","      } else {","        debuggingHelp += 'PhantomJS process exited with code ' + code","        var err = new Error(stdErr + stdOut)","        err.code = code","        err.debug = debuggingHelp","        err.stdout = stdOut","        err.stderr = stdErr","        callback(err)","      }","      // we're done here - clean up","      clearTimeout(killTimeout)","      // can't rely on that the parent process will be terminated any time soon,","      // need to rm listeners and kill child process manually","      process.removeListener('exit', exitHandler)","      process.removeListener('SIGTERM', sigtermHandler)","      // remove the tmp file we created","      // library would clean up after process ends, but this is better for long living proccesses","      astTmpobj.removeCallback()","      cp.kill('SIGTERM')","    })","","    function exitHandler () {","      cp.kill('SIGTERM')","    }","    function sigtermHandler () {","      cp.kill('SIGTERM')","      process.exit(0)","    }","    process.on('exit', exitHandler)","    process.on('SIGTERM', sigtermHandler)","  }","","  function generateAstFromCssFile(cssfilepath) {","    // read the css and parse the ast","    // if errors, normalize css and try again","    // only then pass css to penthouse","    return new Promise(function (resolve, reject) {","      var css","      try {","        css = fs.readFileSync(cssfilepath, 'utf8')","      } catch (e) {","        reject(e.message)","        return","      }","      debuglog('opened css file')","","      var ast = cssAstFormatter.parse(css, { silent: true })","      var parsingErrors = ast.stylesheet.parsingErrors.filter(function (err) {","        // the forked version of the astParser used fixes these errors itself","        return err.reason !== 'Extra closing brace'","      })","      if (parsingErrors.length === 0) {","        debuglog('parsed ast (without errors)')","        resolve(ast)","        return","      }","","      // had breaking parsing errors","      // NOTE: only informing about first error, even if there were more than one.","      var parsingErrorMessage = parsingErrors[0].message","      if (options.strict === true) {","        reject(parsingErrorMessage)","        return","      }","","      debuglog('Failed ast formatting css \\'' + parsingErrorMessage + '\\': ')","      var normalizeScriptArgs = [","        options.url || '',","        options.css || '',","        options.userAgent || DEFAULT_USER_AGENT,","        m.DEBUG","      ]","      normalizeCss(","        normalizeScriptArgs,","        function (err, normalizedCss) {","          debuglog('normalized css: ' + (normalizedCss ? normalizedCss.length : typeof normalizedCss))","          ast = cssAstFormatter.parse(normalizedCss, { silent: true })","          debuglog('parsed normalised css into ast')","          var parsingErrors = ast.stylesheet.parsingErrors.filter(function (err) {","            // the forked version of the astParser used fixes these errors itself","            return err.reason !== 'Extra closing brace'","          })","          if (parsingErrors.length > 0) {","            debuglog('..with parsingErrors: ' + parsingErrors[0].reason)","          }","          resolve(ast)","          return","        }","      )","    })","  }","","  generateAstFromCssFile(options.css)","  .then(generateCriticalCss)","  .catch(callback)","}",""],"l":{"7":1,"8":1,"9":1,"10":1,"11":1,"12":1,"13":1,"14":1,"15":1,"16":1,"17":1,"20":1,"21":1,"23":1,"24":1,"25":1,"26":1,"27":1,"28":1,"29":1,"30":1,"32":1,"33":0,"34":0,"36":0,"37":0,"41":1,"43":0,"44":0,"45":0,"47":0,"51":0,"66":1,"68":0,"69":0,"70":0,"73":1,"74":0,"75":0,"77":0,"78":0,"79":0,"80":0,"81":0,"82":0,"85":0,"87":1,"88":0,"92":0,"94":0,"96":0,"98":0,"99":0,"100":0,"102":0,"105":0,"106":0,"107":0,"108":0,"109":0,"112":0,"115":0,"116":0,"119":0,"120":0,"121":0,"124":0,"125":0,"126":0,"131":0,"132":0,"133":0,"134":0,"135":0,"138":0,"139":0,"142":0,"143":0,"147":0,"149":0,"152":0,"166":0,"167":0,"168":0,"171":0,"174":0,"175":0,"176":0,"177":0,"178":0,"179":0,"180":0,"183":0,"186":0,"187":0,"190":0,"191":0,"194":1,"195":0,"197":1,"198":0,"199":0,"201":0,"202":0,"205":1,"209":0,"210":0,"211":0,"212":0,"214":0,"215":0,"217":0,"219":0,"220":0,"222":0,"224":0,"225":0,"226":0,"227":0,"232":0,"233":0,"234":0,"235":0,"238":0,"239":0,"245":0,"248":0,"249":0,"250":0,"251":0,"253":0,"255":0,"256":0,"258":0,"259":0,"265":0}},"/home/travis/build/npmtest/node-npmtest-penthouse/node_modules/penthouse/lib/postformatting/index.js":{"path":"/home/travis/build/npmtest/node-npmtest-penthouse/node_modules/penthouse/lib/postformatting/index.js","s":{"1":1,"2":1,"3":1,"4":1,"5":1,"6":0,"7":0,"8":0,"9":0,"10":1,"11":0,"12":0,"13":0,"14":0,"15":0,"16":0,"17":0,"18":0,"19":0,"20":0,"21":0,"22":0,"23":0,"24":0,"25":0,"26":0},"b":{"1":[0,0],"2":[0,0]},"f":{"1":0,"2":0,"3":0},"fnMap":{"1":{"name":"(anonymous_1)","line":11,"loc":{"start":{"line":11,"column":36},"end":{"line":11,"column":54}}},"2":{"name":"postformatting","line":18,"loc":{"start":{"line":18,"column":17},"end":{"line":18,"column":99}}},"3":{"name":"(anonymous_3)","line":19,"loc":{"start":{"line":19,"column":17},"end":{"line":19,"column":41}}}},"statementMap":{"1":{"start":{"line":3,"column":0},"end":{"line":3,"column":36}},"2":{"start":{"line":4,"column":0},"end":{"line":4,"column":64}},"3":{"start":{"line":5,"column":0},"end":{"line":5,"column":52}},"4":{"start":{"line":6,"column":0},"end":{"line":6,"column":64}},"5":{"start":{"line":11,"column":0},"end":{"line":16,"column":1}},"6":{"start":{"line":12,"column":2},"end":{"line":12,"column":116}},"7":{"start":{"line":13,"column":2},"end":{"line":13,"column":53}},"8":{"start":{"line":14,"column":2},"end":{"line":14,"column":74}},"9":{"start":{"line":15,"column":2},"end":{"line":15,"column":15}},"10":{"start":{"line":18,"column":0},"end
[...]
line":178,"column":4}},{"start":{"line":178,"column":4},"end":{"line":178,"column":4}}]},"20":{"line":185,"type":"if","locations":[{"start":{"line":185,"column":4},"end":{"line":185,"column":4}},{"start":{"line":185,"column":4},"end":{"line":185,"column":4}}]},"21":{"line":197,"type":"if","locations":[{"start":{"line":197,"column":6},"end":{"line":197,"column":6}},{"start":{"line":197,"column":6},"end":{"line":197,"column":6}}]},"22":{"line":220,"type":"binary-expr","locations":[{"start":{"line":220,"column":11},"end":{"line":220,"column":21}},{"start":{"line":220,"column":25},"end":{"line":220,"column":55}}]},"23":{"line":228,"type":"if","locations":[{"start":{"line":228,"column":4},"end":{"line":228,"column":4}},{"start":{"line":228,"column":4},"end":{"line":228,"column":4}}]},"24":{"line":237,"type":"if","locations":[{"start":{"line":237,"column":4},"end":{"line":237,"column":4}},{"start":{"line":237,"column":4},"end":{"line":237,"column":4}}]},"25":{"line":238,"type":"binary-expr","locations":[{"start":{"line":238,"column":6},"end":{"line":238,"column":29}},{"start":{"line":239,"column":6},"end":{"line":239,"column":28}},{"start":{"line":240,"column":6},"end":{"line":240,"column":31}}]},"26":{"line":248,"type":"if","locations":[{"start":{"line":248,"column":4},"end":{"line":248,"column":4}},{"start":{"line":248,"column":4},"end":{"line":248,"column":4}}]},"27":{"line":249,"type":"binary-expr","locations":[{"start":{"line":249,"column":8},"end":{"line":249,"column":33}},{"start":{"line":250,"column":8},"end":{"line":250,"column":33}}]},"28":{"line":257,"type":"if","locations":[{"start":{"line":257,"column":4},"end":{"line":257,"column":4}},{"start":{"line":257,"column":4},"end":{"line":257,"column":4}}]},"29":{"line":259,"type":"binary-expr","locations":[{"start":{"line":259,"column":6},"end":{"line":259,"column":27}},{"start":{"line":260,"column":6},"end":{"line":260,"column":30}},{"start":{"line":261,"column":6},"end":{"line":261,"column":30}}]},"30":{"line":311,"type":"if","locations":[{"start":{"line":311,"column":4},"end":{"line":311,"column":4}},{"start":{"line":311,"column":4},"end":{"line":311,"column":4}}]}},"code":["'use strict'","","var fs = require('fs')","// phantom js related","var system = require('system')","var webpage = require('webpage')","","var nonMatchingMediaQueryRemover = require('./non-matching-media-query-remover')","","var GENERATION_DONE = 'GENERATION_DONE'","","var stdout = system.stdout // for using this as a file","var page // initialised in prepareNewPage","","var args = system.args","if (args.length < 4) {","  errorlog('Not enough arguments.')","  phantomExit(1)","}","","var criticalCssOptions = {","  url: encodeURI(args[1]),","  ast: args[2],","  width: args[3],","  height: args[4],","  // always forceInclude '*' selector","  forceInclude: [{ value: '*' }].concat(JSON.parse(args[5]) || []),","  userAgent: args[6],","  renderWaitTime: parseInt(args[7], 10),","  blockJSRequests: args[8],","  customPageHeaders: JSON.parse(args[9]) || {},","  debugMode: args[10] === 'true'","}","","function debuglog (msg, isError) {","  if (criticalCssOptions.debugMode) {","    system.stderr.write((isError ? 'ERR: ' : '') + msg)","  }","}","","// monkey patch for directing errors to stderr","// https://github.com/ariya/phantomjs/issues/10150#issuecomment-28707859","function errorlog (msg) {","  if (criticalCssOptions.debugMode) {","    debuglog(msg, true)","  } else {","    system.stderr.write(msg)","  }","}","","function prepareNewPage () {","  debuglog('prepareNewPage')","  page = webpage.create()","  // don't confuse analytics more than necessary when visiting websites","  page.settings.userAgent = criticalCssOptions.userAgent","  page.customHeaders = criticalCssOptions.customPageHeaders","","  /* prevent page JS errors from being output to final CSS */","  page.onError = function () {","    // do nothing","  }","","  page.onConsoleMessage = function (msg) {","    // filter out console messages from the page","    // - the ones sent by penthouse for debugging has 'debug: ' prefix.","    if (/^debug: /.test(msg)) {","      debuglog(msg.replace(/^debug: /, ''))","    }","  }","","  page.onResourceRequested = function (requestData, request) {","    if (criticalCssOptions.blockJSRequests !== 'false' && /\\.js(\\?.*)?$/.test(requestData.url)) {","      request.abort()","    }","  }","","  page.onResourceError = function (resourceError) {","    page.reason = resourceError.errorString","    page.reason_url = resourceError.url // jshint ignore: line","  }","  page.onCallback = function (callbackObject) {","    if (callbackObject.status === GENERATION_DONE) {","      debuglog('GENERATION_DONE')","      returnCssFromAstRules(callbackObject.rules)","    }","  }","}","","function returnCssFromAstRules (criticalRules) {","  debuglog('returnCssFromAstRules')","  try {","    if (criticalRules && criticalRules.length > 0) {","      stdout.write(JSON.stringify(criticalRules))","      debuglog('finalCss: write - DONE!')","      phantomExit(0)","    } else {","      // No css. Warning will be raised later in process.","      // for consisteny, still generate output (will be empty)","      stdout.write([JSON.stringify([])])","      phantomExit(0)","    }","  } catch (ex) {","    errorlog('error in returnCssFromAstRules: ' + ex)","    phantomExit(1)","  }","}","","// discard stdout from phantom exit","function phantomExit (code) {","  if (page) {","    page.close()","  }","  setTimeout(function () {","    phantom.exit(code)","  }, 0)","}","","// called inside a sandboxed environment inside phantomjs - no outside references","// arguments and return value must be primitives","// @see http://phantomjs.org/api/webpage/method/evaluate.html","function pruneNonCriticalCss (astRules, forceInclude, renderWaitTime, doneStatus) {","  console.log('debug: pruneNonCriticalCss')","  var h = window.innerHeight","","  var psuedoSelectorsToKeep = [","    ':before',","    ':after',","    ':visited',","    ':first-letter',","    ':first-line'","  ]","  // detect these selectors regardless of whether one or two semi-colons are used","  var psuedoSelectorsToKeepRegex = psuedoSelectorsToKeep.map(function (s) {","    return ':?' + s","  }).join('|') // separate in regular expression","  // we will replace all instances of these psuedo selectors; hence global flag","  var PSUEDO_SELECTOR_REGEXP = new RegExp(psuedoSelectorsToKeepRegex, 'g')","","  var isElementAboveFold = function (element) {","    // temporarily force clear none in order to catch elements that clear previous content themselves and who w/o their styles could show up unstyled in above the fold content (if they rely on f.e. 'clear:both;' to clear some main content)","    var originalClearStyle = element.style.clear || ''","    element.style.clear = 'none'","    var aboveFold = element.getBoundingClientRect().top < h","","    // set clear style back to what it was","    element.style.clear = originalClearStyle","","    if (!aboveFold) {","      // phantomJS/QT browser has some bugs regarding fixed position;","      // sometimes positioning elements outside of screen incorrectly.","      // just keep all fixed position elements - normally very few in a stylesheet anyway","      var styles = window.getComputedStyle(element, null)","      if (styles.position === 'fixed') {","        console.log('debug: force keeping fixed position styles')","        return true","      }","    }","    return aboveFold","  }","","  var matchesForceInclude = function (selector) {","    return forceInclude.some(function (includeSelector) {","      if (includeSelector.type === 'RegExp') {","        var pattern = new RegExp(includeSelector.value)","        return pattern.test(selector)","      }","      return includeSelector.value === selector","    })","  }","","  var isSelectorCritical = function (selector) {","    if (matchesForceInclude(selector.trim())) {","      return true","    }","","    // Case 3: @-rule with full CSS (rules) inside [REMAIN]","    // @viewport, @-ms-viewport. AST parser classifies these as \"regular\" rules","    if (/^@/.test(selector)) {","      return true","    }","","    // some selectors can't be matched on page.","    // In these cases we test a slightly modified selectors instead, modifiedSelector.","    var modifiedSelector = selector","    if (modifiedSelector.indexOf(':') > -1) {","      // handle special case selectors, the ones that contain a semi colon (:)","      // many of these selectors can't be matched to anything on page via JS,","      // but that still might affect the above the fold styling","","      // these psuedo selectors depend on an element, so test element instead","      // (:hover, :focus, :active would be treated same","      // IF we wanted to keep them for critical path css, but we don't)","      modifiedSelector = modifiedSelector.replace(PSUEDO_SELECTOR_REGEXP, '')","","      // if selector is purely psuedo (f.e. ::-moz-placeholder), just keep as is.","      // we can't match it to anything on page, but it can impact above the fold styles","      if (modifiedSelector.replace(/:[:]?([a-zA-Z0-9\\-_])*/g, '').trim().length === 0) {","        return true","      }","","      // handle browser specific psuedo selectors bound to elements,","      // Example, button::-moz-focus-inner, input[type=number]::-webkit-inner-spin-button","      // remove browser specific pseudo and test for element","      modifiedSelector = modifiedSelector.replace(/:?:-[a-z-]*/g, '')","    }","","    // now we have a selector to test, first grab any matching elements","    var elements","    try {","      elements = document.querySelectorAll(modifiedSelector)","    } catch (e) {","      // not a valid selector, remove it.","      return false","    }","","    // some is not supported on Arrays in this version of QT browser,","    // meaning have to write much less terse code here.","    var elementIndex = 0","    var aboveFold = false","    while (!aboveFold && elementIndex < elements.length) {","      aboveFold = isElementAboveFold(elements[elementIndex])","      elementIndex++","    }","    return aboveFold","  }","","  var isCssRuleCritical = function (rule) {","    if (rule.type === 'rule') {","      // check what, if any selectors are found above fold","      rule.selectors = rule.selectors.filter(isSelectorCritical)","      return rule.selectors.length > 0","    }","    /* ==@-rule handling==*/","    /* - Case 0 : Non nested @-rule [REMAIN]","     (@charset, @import, @namespace)","     */","    if (","      rule.type === 'charset' ||","      rule.type === 'import' ||","      rule.type === 'namespace'","    ) {","      return true","    }","","    /* Case 1: @-rule with CSS properties inside [REMAIN]","      @font-face, @keyframes - keep here, but remove later in code, unless it is used.","    */","    if (","        rule.type === 'font-face' ||","        rule.type === 'keyframes'","    ) {","      return true","    }","","    /* Case 3: @-rule with full CSS (rules) inside [REMAIN]","    */","    if (","      // non matching media queries are stripped out in non-matching-media-query-remover.js","      rule.type === 'media' ||","      rule.type === 'document' ||","      rule.type === 'supports'","    ) {","      rule.rules = rule.rules.filter(isCssRuleCritical)","      return rule.rules.length > 0","    }","","    return false","  }","","  var processCssRules = function () {","    console.log('debug: processCssRules BEFORE')","    var criticalRules = astRules.filter(isCssRuleCritical)","    console.log('debug: processCssRules AFTER')","","    // we're done - call final function to exit outside of phantom evaluate scope","    window.callPhantom({","      status: doneStatus,","      rules: criticalRules","    })","  }","","  // give some time (renderWaitTime) for sites like facebook that build their page dynamically,","  // otherwise we can miss some selectors (and therefor rules)","  // --tradeoff here: if site is too slow with dynamic content,","  //\tit doesn't deserve to be in critical path.","  setTimeout(processCssRules, renderWaitTime)","}","","/*"," * Tests each selector in css file at specified resolution,"," * to see if any such elements appears above the fold on the page"," * calls callPhantom when done, with an updated AST rules list"," *"," * @param options.url the url as a string"," * @param options.ast the css as an AST object"," * @param options.width the width of viewport"," * @param options.height the height of viewport"," ---------------------------------------------------------*/","function getCriticalPathCss (options) {","  debuglog('getCriticalPathCss')","  prepareNewPage()","  page.viewportSize = {","    width: options.width,","    height: options.height","  }","  // first strip out non matching media queries","  var astRules = nonMatchingMediaQueryRemover(options.ast.stylesheet.rules, options.width, options.height)","  debuglog('stripped out non matching media queries')","","  page.open(options.url, function (status) {","    if (status === 'success') {","      debuglog('page opened')","      page.evaluate(pruneNonCriticalCss, astRules, options.forceInclude, options.renderWaitTime, GENERATION_DONE)","    } else {","      errorlog('Error opening url \\'' + page.reason_url + '\\': ' + page.reason) // jshint ignore: line","      phantomExit(1)","    }","  })","}","","debuglog('Penthouse core start')","var ast","try {","  var f = fs.open(criticalCssOptions.ast, 'r')","  ast = f.read()","  debuglog('opened ast from file')","  ast = JSON.parse(ast)","  debuglog('parsed ast from json')","} catch (e) {","  errorlog(e)","  phantomExit(1)","}","","criticalCssOptions.ast = ast","getCriticalPathCss(criticalCssOptions)",""],"l":{"3":2,"5":2,"6":0,"8":0,"10":0,"12":0,"13":0,"15":0,"16":0,"17":0,"18":0,"21":0,"35":1,"36":0,"37":0,"43":1,"44":0,"45":0,"47":0,"51":1,"52":0,"53":0,"55":0,"56":0,"59":0,"63":0,"66":0,"67":0,"71":0,"72":0,"73":0,"77":0,"78":0,"79":0,"81":0,"82":0,"83":0,"84":0,"89":1,"90":0,"91":0,"92":0,"93":0,"94":0,"95":0,"99":0,"100":0,"103":0,"104":0,"109":1,"110":0,"111":0,"113":0,"114":0,"121":1,"122":0,"123":0,"125":0,"133":0,"134":0,"137":0,"139":0,"141":0,"142":0,"143":0,"146":0,"148":0,"152":0,"153":0,"154":0,"155":0,"158":0,"161":0,"162":0,"163":0,"164":0,"165":0,"167":0,"171":0,"172":0,"173":0,"178":0,"179":0,"184":0,"185":0,"193":0,"197":0,"198":0,"204":0,"208":0,"209":0,"210":0,"213":0,"218":0,"219":0,"220":0,"221":0,"222":0,"224":0,"227":0,"228":0,"230":0,"231":0,"237":0,"242":0,"248":0,"252":0,"257":0,"263":0,"264":0,"267":0,"270":0,"271":0,"272":0,"273":0,"276":0,"286":0,"299":1,"300":0,"301":0,"302":0,"307":0,"308":0,"310":0,"311":0,"312":0,"313":0,"315":0,"316":0,"321":0,"322":0,"323":0,"324":0,"325":0,"326":0,"327":0,"328":0,"330":0,"331":0,"334":0,"335":0}},"/home/travis/build/npmtest/node-npmtest-penthouse/node_modules/penthouse/lib/phantomjs/non-matching-media-query-remover.js":{"path":"/home/travis/build/npmtest/node-npmtest-penthouse/node_modules/penthouse/lib/phantomjs/non-matching-media-query-remover.js","s":{"1":1,"2":1,"3":0,"4":0,"5":0,"6":0,"7":0,"8":0,"9":0,"10":0,"11":0,"12":0,"13":0,"14":0,"15":0,"16":0,"17":0,"18":0,"19":1,"20":0,"21":0,"22":0,"23":1,"24":1},"b":{"1":[0,0],"2":[0,0],"3":[0,0],"4":[0,0],"5":[1,0]},"f":{"1":0,"2":0,"3":0,"4":0,"5":0},"fnMap":{"1":{"name":"_isMatchingMediaQuery","line":6,"loc":{"start":{"line":6,"column":0},"end":{"line":6,"column":51}}},"2":{"name":"(anonymous_2)","line":19,"loc":{"start":{"line":19,"column":27},"end":{"line":19,"column":41}}},"3":{"name":"(anonymous_3)","line":29,"loc":{"start":{"line":29,"column":31},"end":{"line":29,"column":53}}},"4":{"name":"nonMatchingMediaQueryRemover","line":40,"loc":{"start":{"line":40,"column":0},"end":{"line":40,"column":61}}},"5":{"name":"(anonymous_5)","line":42,"loc":{"start":{"line":42,"column":22},"end":{"line":42,"column":38}}}},"statementMap":{"1":{"start":{"line":3,"column":0},"end":{"line":3,"column":45}},"2":{"start":{"line":6,"column":0},"end":{"line":38,"column":1}},"3":{"start":{"line":7,"column":2},"end":{"line":10,"column":3}},"4":{"start":{"line":9,"column":4},"end":{"line":9,"column":15}},"5":{"start":{"line":12,"column":2},"end":{"line":12,"column":14}},"6":{"start":{"line":13,"column":2},"end":{"line":18,"column":3}},"7":{"start":{"line":14,"column":4},"end":{"line":14,"column":46}},"8":{"start":{"line":17,"column":4},"end":{"line":17,"column":16}},"9":{"start":{"line":19,"column":2},"end":{"line":36,"column":4}},"10":{"start":{"line":20,"column":4},"end":{"line":22,"column":5}},"11":{"start":{"line":21,"column":6},"end":{"line":21,"column":18}},"12":{"start":{"line":26,"column":4},"end":{"line":28,"column":5}},"13":{"start":{"line":27,"column":6},"end":{"line":27,"column":17}},"14":{"start":{"line":29,"column":4},"end":{"line":35,"column":6}},"15":{"start":{"line":30,"column":6},"end":{"line":34,"column":7}},"16":{"start":{"line":31,"column":8},"end":{"line":31,"column":108}},"17":{"start":{"line":33,"column":8},"end":{"line":33,"column":19}},"18":{"start":{"line":37,"column":2},"end":{"line":37,"column":13}},"19":{"start":{"line":40,"column":0},"end":{"line":45,"column":1}},"20":{"start":{"line":41,"column":2},"end":{"line":41,"column":82}},"21":{"start":{"line":42,"column":2},"end":{"line":44,"column":4}},"22":{"start":{"line":43,"column":4},"end":{"line":43,"column":51}},"23":{"start":{"line":47,"column":0},"end":{"line":49,"column":1}},"24":{"start":{"line":48,"column":2},"end":{"line":48,"column":47}}},"branchMap":{"1":{"line":7,"type":"if","locations":[{"start":{"line":7,"column":2},"end":{"line":7,"column":2}},{"start":{"line":7,"column":2},"end":{"line":7,"column":2}}]},"2":{"line":20,"type":"if","locations":[{"start":{"line":20,"column":4},"end":{"line":20,"column":4}},{"start":{"line":20,"column":4},"end":{"line":20,"column":4}}]},"3":{"line":26,"type":"if","locations":[{"start":{"line":26,"column":4},"end":{"line":26,"column":4}},{"start":{"line":26,"column":4},"end":{"line":26,"column":4}}]},"4":{"line":30,"type":"if","locations":[{"start":{"line":30,"column":6},"end":{"line":30,"column":6}},{"start":{"line":30,"column":6},"end":{"line":30,"column":6}}]},"5":{"line":47,"type":"if","locations":[{"start":{"line":47,"column":0},"end":{"line":47,"column":0}},{"start":{"line":47,"column":0},"end":{"line":47,"column":0}}]}},"code":["'use strict'","","var cssMediaQuery = require('css-mediaquery')","// only filter out: print, min-width > width and min-height > height","","function _isMatchingMediaQuery (rule, matchConfig) {","  if (rule.type !== 'media') {","    // ignore (keep) all non media query rules","    return true","  }","","  var mediaAST","  try {","    mediaAST = cssMediaQuery.parse(rule.media)","  } catch (e) {","    // cant parse, most likely browser cant either","    return false","  }","  var keep = mediaAST.some(function (mq) {","    if (mq.type === 'print') {","      return false","    }","    // f.e. @media all {}","    // go for false positives over false negatives,","    // i.e. accept @media randomThing {}","    if (mq.expressions.length === 0) {","      return true","    }","    return mq.expressions.some(function (expression) {","      if (expression.modifier === 'min') {","        return cssMediaQuery.match('(min-' + expression.feature + ':' + expression.value + ')', matchConfig)","      } else {","        return true","      }","    })","  })","  return keep","}","","function nonMatchingMediaQueryRemover (rules, width, height) {","  var matchConfig = { type: 'screen', width: width + 'px', height: height + 'px' }","  return rules.filter(function (rule) {","    return _isMatchingMediaQuery(rule, matchConfig)","  })","}","","if (typeof module !== 'undefined') {","  module.exports = nonMatchingMediaQueryRemover","}",""],"l":{"3":1,"6":1,"7":0,"9":0,"12":0,"13":0,"14":0,"17":0,"19":0,"20":0,"21":0,"26":0,"27":0,"29":0,"30":0,"31":0,"33":0,"37":0,"40":1,"41":0,"42":0,"43":0,"47":1,"48":1}}}